0 info it worked if it ends with ok
1 verbose cli [ 'C:\\Program Files\\nodejs\\node.exe',
1 verbose cli   'C:\\Users\\eroyj\\AppData\\Roaming\\npm\\node_modules\\npm\\bin\\npm-cli.js',
1 verbose cli   'install' ]
2 info using npm@3.10.5
3 info using node@v6.2.2
4 silly loadCurrentTree Starting
5 silly install loadCurrentTree
6 silly install readLocalPackageData
7 silly install normalizeTree
8 silly loadCurrentTree Finishing
9 silly loadIdealTree Starting
10 silly install loadIdealTree
11 silly cloneCurrentTree Starting
12 silly install cloneCurrentTreeToIdealTree
13 silly cloneCurrentTree Finishing
14 silly loadShrinkwrap Starting
15 silly install loadShrinkwrap
16 silly loadShrinkwrap Finishing
17 silly loadAllDepsIntoIdealTree Starting
18 silly install loadAllDepsIntoIdealTree
19 silly fetchNamedPackageData fsevents
20 silly mapToRegistry name fsevents
21 silly mapToRegistry using default registry
22 silly mapToRegistry registry https://registry.npmjs.org/
23 silly mapToRegistry data Result {
23 silly mapToRegistry   raw: 'fsevents',
23 silly mapToRegistry   scope: null,
23 silly mapToRegistry   escapedName: 'fsevents',
23 silly mapToRegistry   name: 'fsevents',
23 silly mapToRegistry   rawSpec: '',
23 silly mapToRegistry   spec: 'latest',
23 silly mapToRegistry   type: 'tag' }
24 silly mapToRegistry uri https://registry.npmjs.org/fsevents
25 verbose request uri https://registry.npmjs.org/fsevents
26 verbose request no auth needed
27 info attempt registry request try #1 at 9:51:35 PM
28 verbose request id 7b12d65e0553b63f
29 verbose etag "J1WMJADQEUBTKGSOYI5A2X04"
30 http request GET https://registry.npmjs.org/fsevents
31 http 304 https://registry.npmjs.org/fsevents
32 verbose headers { date: 'Mon, 10 Oct 2016 13:51:37 GMT',
32 verbose headers   via: '1.1 varnish',
32 verbose headers   'cache-control': 'max-age=300',
32 verbose headers   etag: '"J1WMJADQEUBTKGSOYI5A2X04"',
32 verbose headers   age: '194',
32 verbose headers   connection: 'keep-alive',
32 verbose headers   'x-served-by': 'cache-hkg6826-HKG',
32 verbose headers   'x-cache': 'HIT',
32 verbose headers   'x-cache-hits': '6',
32 verbose headers   'x-timer': 'S1476107497.263990,VS0,VE0',
32 verbose headers   vary: 'Accept-Encoding' }
33 silly get cb [ 304,
33 silly get   { date: 'Mon, 10 Oct 2016 13:51:37 GMT',
33 silly get     via: '1.1 varnish',
33 silly get     'cache-control': 'max-age=300',
33 silly get     etag: '"J1WMJADQEUBTKGSOYI5A2X04"',
33 silly get     age: '194',
33 silly get     connection: 'keep-alive',
33 silly get     'x-served-by': 'cache-hkg6826-HKG',
33 silly get     'x-cache': 'HIT',
33 silly get     'x-cache-hits': '6',
33 silly get     'x-timer': 'S1476107497.263990,VS0,VE0',
33 silly get     vary: 'Accept-Encoding' } ]
34 verbose etag https://registry.npmjs.org/fsevents from cache
35 verbose get saving fsevents to C:\Users\eroyj\AppData\Roaming\npm-cache\registry.npmjs.org\fsevents\.cache.json
36 verbose correctMkdir C:\Users\eroyj\AppData\Roaming\npm-cache correctMkdir not in flight; initializing
37 silly resolveWithNewModule fsevents@1.0.14 checking installable status
38 silly loadAllDepsIntoIdealTree Finishing
39 silly loadIdealTree Finishing
40 silly currentTree UM-QMO
40 silly currentTree +-- abbrev@1.0.9
40 silly currentTree +-- accord@0.23.0
40 silly currentTree | +-- glob@7.0.3
40 silly currentTree | +-- lodash@4.11.2
40 silly currentTree | `-- semver@5.3.0
40 silly currentTree +-- acorn-jsx@3.0.1
40 silly currentTree | `-- acorn@3.3.0
40 silly currentTree +-- acorn-object-spread@1.0.0
40 silly currentTree | `-- acorn@3.3.0
40 silly currentTree +-- acorn@1.2.2
40 silly currentTree +-- align-text@0.1.4
40 silly currentTree +-- alphanum-sort@1.0.2
40 silly currentTree +-- amdefine@1.0.0
40 silly currentTree +-- ansi-regex@2.0.0
40 silly currentTree +-- ansi-styles@2.2.1
40 silly currentTree +-- ansicolors@0.2.1
40 silly currentTree +-- anymatch@1.3.0
40 silly currentTree +-- aproba@1.0.4
40 silly currentTree +-- archy@1.0.0
40 silly currentTree +-- are-we-there-yet@1.1.2
40 silly currentTree +-- argparse@1.0.9
40 silly currentTree +-- arr-diff@2.0.0
40 silly currentTree +-- arr-flatten@1.0.1
40 silly currentTree +-- array-differ@1.0.0
40 silly currentTree +-- array-find-index@1.0.2
40 silly currentTree +-- array-index@1.0.0
40 silly currentTree +-- array-union@1.0.2
40 silly currentTree +-- array-uniq@1.0.3
40 silly currentTree +-- array-unique@0.2.1
40 silly currentTree +-- arrify@1.0.1
40 silly currentTree +-- asap@2.0.5
40 silly currentTree +-- asn1.js@4.8.1
40 silly currentTree +-- asn1@0.2.3
40 silly currentTree +-- assert-plus@0.2.0
40 silly currentTree +-- assert@1.4.1
40 silly currentTree +-- ast-types@0.8.15
40 silly currentTree +-- async-done@1.2.2
40 silly currentTree | `-- end-of-stream@1.1.0
40 silly currentTree +-- async-each@1.0.1
40 silly currentTree +-- async-foreach@0.1.3
40 silly currentTree +-- async@0.2.10
40 silly currentTree +-- asynckit@0.4.0
40 silly currentTree +-- autoprefixer@6.5.0
40 silly currentTree +-- aws-sign2@0.6.0
40 silly currentTree +-- aws4@1.4.1
40 silly currentTree +-- babel-code-frame@6.16.0
40 silly currentTree +-- babel-core@6.17.0
40 silly currentTree | +-- minimatch@3.0.3
40 silly currentTree | +-- path-exists@1.0.0
40 silly currentTree | `-- source-map@0.5.6
40 silly currentTree +-- babel-generator@6.17.0
40 silly currentTree | `-- source-map@0.5.6
40 silly currentTree +-- babel-helper-call-delegate@6.8.0
40 silly currentTree +-- babel-helper-define-map@6.9.0
40 silly currentTree +-- babel-helper-function-name@6.8.0
40 silly currentTree +-- babel-helper-get-function-arity@6.8.0
40 silly currentTree +-- babel-helper-hoist-variables@6.8.0
40 silly currentTree +-- babel-helper-optimise-call-expression@6.8.0
40 silly currentTree +-- babel-helper-regex@6.9.0
40 silly currentTree +-- babel-helper-replace-supers@6.16.0
40 silly currentTree +-- babel-helpers@6.16.0
40 silly currentTree +-- babel-loader@6.2.5
40 silly currentTree | `-- object-assign@4.1.0
40 silly currentTree +-- babel-messages@6.8.0
40 silly currentTree +-- babel-plugin-add-module-exports@0.2.1
40 silly currentTree +-- babel-plugin-check-es2015-constants@6.8.0
40 silly currentTree +-- babel-plugin-transform-es2015-arrow-functions@6.8.0
40 silly currentTree +-- babel-plugin-transform-es2015-block-scoped-functions@6.8.0
40 silly currentTree +-- babel-plugin-transform-es2015-block-scoping@6.15.0
40 silly currentTree +-- babel-plugin-transform-es2015-classes@6.14.0
40 silly currentTree +-- babel-plugin-transform-es2015-computed-properties@6.8.0
40 silly currentTree +-- babel-plugin-transform-es2015-destructuring@6.16.0
40 silly currentTree +-- babel-plugin-transform-es2015-duplicate-keys@6.8.0
40 silly currentTree +-- babel-plugin-transform-es2015-for-of@6.8.0
40 silly currentTree +-- babel-plugin-transform-es2015-function-name@6.9.0
40 silly currentTree +-- babel-plugin-transform-es2015-literals@6.8.0
40 silly currentTree +-- babel-plugin-transform-es2015-modules-amd@6.8.0
40 silly currentTree +-- babel-plugin-transform-es2015-modules-commonjs@6.16.0
40 silly currentTree +-- babel-plugin-transform-es2015-modules-systemjs@6.14.0
40 silly currentTree +-- babel-plugin-transform-es2015-modules-umd@6.12.0
40 silly currentTree +-- babel-plugin-transform-es2015-object-super@6.8.0
40 silly currentTree +-- babel-plugin-transform-es2015-parameters@6.17.0
40 silly currentTree +-- babel-plugin-transform-es2015-shorthand-properties@6.8.0
40 silly currentTree +-- babel-plugin-transform-es2015-spread@6.8.0
40 silly currentTree +-- babel-plugin-transform-es2015-sticky-regex@6.8.0
40 silly currentTree +-- babel-plugin-transform-es2015-template-literals@6.8.0
40 silly currentTree +-- babel-plugin-transform-es2015-typeof-symbol@6.8.0
40 silly currentTree +-- babel-plugin-transform-es2015-unicode-regex@6.11.0
40 silly currentTree +-- babel-plugin-transform-regenerator@6.16.1
40 silly currentTree +-- babel-plugin-transform-runtime@6.15.0
40 silly currentTree +-- babel-plugin-transform-strict-mode@6.11.3
40 silly currentTree +-- babel-preset-es2015@6.16.0
40 silly currentTree +-- babel-register@6.16.3
40 silly currentTree | `-- path-exists@1.0.0
40 silly currentTree +-- babel-runtime@6.11.6
40 silly currentTree +-- babel-template@6.16.0
40 silly currentTree +-- babel-traverse@6.16.0
40 silly currentTree +-- babel-types@6.16.0
40 silly currentTree +-- babylon@6.11.4
40 silly currentTree +-- balanced-match@0.4.2
40 silly currentTree +-- base62@1.1.1
40 silly currentTree +-- base64-js@1.2.0
40 silly currentTree +-- Base64@0.2.1
40 silly currentTree +-- bcrypt-pbkdf@1.0.0
40 silly currentTree +-- beeper@1.1.0
40 silly currentTree +-- big.js@3.1.3
40 silly currentTree +-- binary-extensions@1.7.0
40 silly currentTree +-- bl@1.1.2
40 silly currentTree | +-- isarray@1.0.0
40 silly currentTree | `-- readable-stream@2.0.6
40 silly currentTree +-- block-stream@0.0.9
40 silly currentTree +-- bluebird@3.4.6
40 silly currentTree +-- bn.js@4.11.6
40 silly currentTree +-- boom@2.10.1
40 silly currentTree +-- bootstrap-sass@3.3.7
40 silly currentTree +-- brace-expansion@1.1.6
40 silly currentTree +-- braces@1.8.5
40 silly currentTree +-- brorand@1.0.6
40 silly currentTree +-- browserify-aes@1.0.6
40 silly currentTree +-- browserify-cipher@1.0.0
40 silly currentTree +-- browserify-des@1.0.0
40 silly currentTree +-- browserify-rsa@4.0.1
40 silly currentTree +-- browserify-sign@4.0.0
40 silly currentTree +-- browserify-zlib@0.1.4
40 silly currentTree +-- browserslist@1.4.0
40 silly currentTree +-- buble-loader@0.2.2
40 silly currentTree +-- buble@0.12.5
40 silly currentTree | `-- acorn@3.3.0
40 silly currentTree +-- buffer-shims@1.0.0
40 silly currentTree +-- buffer-xor@1.0.3
40 silly currentTree +-- buffer@4.9.1
40 silly currentTree | `-- isarray@1.0.0
40 silly currentTree +-- builtin-modules@1.1.1
40 silly currentTree +-- camel-case@3.0.0
40 silly currentTree +-- camelcase-keys@2.1.0
40 silly currentTree +-- camelcase@2.1.1
40 silly currentTree +-- caniuse-db@1.0.30000550
40 silly currentTree +-- cardinal@1.0.0
40 silly currentTree +-- caseless@0.11.0
40 silly currentTree +-- center-align@0.1.3
40 silly currentTree +-- chalk@1.1.3
40 silly currentTree +-- change-case@3.0.0
40 silly currentTree +-- chokidar@1.6.0
40 silly currentTree +-- cipher-base@1.0.3
40 silly currentTree +-- clap@1.1.1
40 silly currentTree +-- clean-css@3.4.20
40 silly currentTree +-- cli-table@0.3.1
40 silly currentTree +-- cli-usage@0.1.4
40 silly currentTree +-- cliui@2.1.0
40 silly currentTree +-- clone-stats@0.0.1
40 silly currentTree +-- clone@1.0.2
40 silly currentTree +-- coa@1.0.1
40 silly currentTree +-- code-point-at@1.0.1
40 silly currentTree +-- color-convert@1.5.0
40 silly currentTree +-- color-name@1.1.1
40 silly currentTree +-- color-string@0.3.0
40 silly currentTree +-- color@0.11.3
40 silly currentTree +-- colormin@1.1.2
40 silly currentTree +-- colors@1.0.3
40 silly currentTree +-- combined-stream@1.0.5
40 silly currentTree +-- commander@2.8.1
40 silly currentTree +-- commoner@0.10.4
40 silly currentTree | `-- glob@5.0.15
40 silly currentTree +-- concat-map@0.0.1
40 silly currentTree +-- concat-with-sourcemaps@1.0.4
40 silly currentTree | `-- source-map@0.5.6
40 silly currentTree +-- config-chain@1.1.11
40 silly currentTree +-- console-browserify@1.1.0
40 silly currentTree +-- console-control-strings@1.1.0
40 silly currentTree +-- consolidate@0.14.1
40 silly currentTree +-- constant-case@2.0.0
40 silly currentTree +-- constants-browserify@1.0.0
40 silly currentTree +-- convert-source-map@1.3.0
40 silly currentTree +-- core-js@2.4.1
40 silly currentTree +-- core-util-is@1.0.2
40 silly currentTree +-- create-ecdh@4.0.0
40 silly currentTree +-- create-hash@1.1.2
40 silly currentTree +-- create-hmac@1.1.4
40 silly currentTree +-- cross-spawn@3.0.1
40 silly currentTree | `-- lru-cache@4.0.1
40 silly currentTree +-- cryptiles@2.0.5
40 silly currentTree +-- crypto-browserify@3.11.0
40 silly currentTree +-- css-color-names@0.0.4
40 silly currentTree +-- css-loader@0.23.1
40 silly currentTree | `-- object-assign@4.1.0
40 silly currentTree +-- css-selector-tokenizer@0.5.4
40 silly currentTree +-- cssesc@0.1.0
40 silly currentTree +-- cssnano@3.7.6
40 silly currentTree | `-- object-assign@4.1.0
40 silly currentTree +-- csso@2.2.1
40 silly currentTree | `-- source-map@0.5.6
40 silly currentTree +-- currently-unhandled@0.4.1
40 silly currentTree +-- d@0.1.1
40 silly currentTree +-- dashdash@1.14.0
40 silly currentTree | `-- assert-plus@1.0.0
40 silly currentTree +-- date-now@0.1.4
40 silly currentTree +-- dateformat@1.0.12
40 silly currentTree +-- de-indent@1.0.2
40 silly currentTree +-- deap@1.0.0
40 silly currentTree +-- debug@2.2.0
40 silly currentTree +-- decamelize@1.2.0
40 silly currentTree +-- defaults@1.0.3
40 silly currentTree +-- defined@1.0.0
40 silly currentTree +-- del@2.2.2
40 silly currentTree | `-- object-assign@4.1.0
40 silly currentTree +-- delayed-stream@1.0.0
40 silly currentTree +-- delegates@1.0.0
40 silly currentTree +-- deprecated@0.0.1
40 silly currentTree +-- des.js@1.0.0
40 silly currentTree +-- detect-file@0.1.0
40 silly currentTree +-- detect-indent@3.0.1
40 silly currentTree | `-- repeating@1.1.3
40 silly currentTree +-- detective@4.3.1
40 silly currentTree +-- diffie-hellman@5.0.2
40 silly currentTree +-- domain-browser@1.1.7
40 silly currentTree +-- dot-case@2.1.0
40 silly currentTree +-- duplexer2@0.0.2
40 silly currentTree +-- duplexify@3.4.5
40 silly currentTree | +-- end-of-stream@1.0.0
40 silly currentTree | +-- isarray@1.0.0
40 silly currentTree | `-- readable-stream@2.1.5
40 silly currentTree +-- ecc-jsbn@0.1.1
40 silly currentTree +-- editorconfig@0.13.2
40 silly currentTree | +-- commander@2.9.0
40 silly currentTree | `-- lru-cache@3.2.0
40 silly currentTree +-- elliptic@6.3.2
40 silly currentTree +-- emojis-list@2.1.0
40 silly currentTree +-- end-of-stream@0.1.5
40 silly currentTree +-- enhanced-resolve@2.3.0
40 silly currentTree | `-- object-assign@4.1.0
40 silly currentTree +-- entities@1.1.1
40 silly currentTree +-- envify@3.4.1
40 silly currentTree +-- errno@0.1.4
40 silly currentTree +-- error-ex@1.3.0
40 silly currentTree +-- es5-ext@0.10.12
40 silly currentTree +-- es6-iterator@2.0.0
40 silly currentTree +-- es6-symbol@3.1.0
40 silly currentTree +-- es6-templates@0.2.3
40 silly currentTree | +-- ast-types@0.9.0
40 silly currentTree | +-- esprima@3.0.0
40 silly currentTree | +-- recast@0.11.14
40 silly currentTree | `-- source-map@0.5.6
40 silly currentTree +-- escape-string-regexp@1.0.5
40 silly currentTree +-- esprima@2.7.3
40 silly currentTree +-- esutils@2.0.2
40 silly currentTree +-- events@1.1.1
40 silly currentTree +-- evp_bytestokey@1.0.0
40 silly currentTree +-- expand-brackets@0.1.5
40 silly currentTree +-- expand-range@1.8.2
40 silly currentTree +-- expand-tilde@1.2.2
40 silly currentTree +-- extend@3.0.0
40 silly currentTree +-- extglob@0.3.2
40 silly currentTree +-- extsprintf@1.0.2
40 silly currentTree +-- fancy-log@1.2.0
40 silly currentTree +-- fastparse@1.1.1
40 silly currentTree +-- file-loader@0.9.0
40 silly currentTree +-- filename-regex@2.0.0
40 silly currentTree +-- filepicker-js@2.4.18
40 silly currentTree +-- fill-range@2.2.3
40 silly currentTree +-- find-index@0.1.1
40 silly currentTree +-- find-up@1.1.2
40 silly currentTree +-- findup-sync@0.4.2
40 silly currentTree +-- fined@1.0.2
40 silly currentTree +-- first-chunk-stream@1.0.0
40 silly currentTree +-- flagged-respawn@0.3.2
40 silly currentTree +-- flatten@1.0.2
40 silly currentTree +-- fobject@0.0.4
40 silly currentTree | `-- semver@5.3.0
40 silly currentTree +-- for-in@0.1.6
40 silly currentTree +-- for-own@0.1.4
40 silly currentTree +-- forever-agent@0.6.1
40 silly currentTree +-- fork-stream@0.0.4
40 silly currentTree +-- form-data@2.0.0
40 silly currentTree +-- fs-exists-sync@0.1.0
40 silly currentTree +-- fs.realpath@1.0.0
40 silly currentTree +-- fstream@1.0.10
40 silly currentTree +-- function-bind@1.1.0
40 silly currentTree +-- gauge@2.6.0
40 silly currentTree | `-- object-assign@4.1.0
40 silly currentTree +-- gaze@0.5.2
40 silly currentTree +-- generate-function@2.0.0
40 silly currentTree +-- generate-object-property@1.2.0
40 silly currentTree +-- get-caller-file@1.0.2
40 silly currentTree +-- get-stdin@4.0.1
40 silly currentTree +-- getpass@0.1.6
40 silly currentTree | `-- assert-plus@1.0.0
40 silly currentTree +-- glob-base@0.3.0
40 silly currentTree +-- glob-parent@2.0.0
40 silly currentTree +-- glob-stream@3.1.18
40 silly currentTree | +-- readable-stream@1.0.34
40 silly currentTree | `-- through2@0.6.5
40 silly currentTree +-- glob-watcher@0.0.6
40 silly currentTree +-- glob@4.5.3
40 silly currentTree +-- glob2base@0.0.12
40 silly currentTree +-- global-modules@0.2.3
40 silly currentTree +-- global-prefix@0.1.4
40 silly currentTree +-- globals@8.18.0
40 silly currentTree +-- globby@5.0.0
40 silly currentTree | +-- glob@7.1.1
40 silly currentTree | +-- minimatch@3.0.3
40 silly currentTree | `-- object-assign@4.1.0
40 silly currentTree +-- globule@0.1.0
40 silly currentTree | +-- glob@3.1.21
40 silly currentTree | +-- graceful-fs@1.2.3
40 silly currentTree | +-- inherits@1.0.2
40 silly currentTree | +-- lodash@1.0.2
40 silly currentTree | `-- minimatch@0.2.14
40 silly currentTree +-- glogg@1.0.0
40 silly currentTree +-- graceful-fs@4.1.9
40 silly currentTree +-- graceful-readlink@1.0.1
40 silly currentTree +-- growly@1.3.0
40 silly currentTree +-- gulp-autoprefixer@3.1.1
40 silly currentTree +-- gulp-batch@1.0.5
40 silly currentTree +-- gulp-concat@2.6.0
40 silly currentTree | +-- readable-stream@1.0.34
40 silly currentTree | `-- through2@0.6.5
40 silly currentTree +-- gulp-if@2.0.1
40 silly currentTree +-- gulp-less@3.1.0
40 silly currentTree | `-- object-assign@4.1.0
40 silly currentTree +-- gulp-load-plugins@1.3.0
40 silly currentTree +-- gulp-match@1.0.2
40 silly currentTree | `-- minimatch@3.0.3
40 silly currentTree +-- gulp-notify@2.2.0
40 silly currentTree | +-- readable-stream@1.0.34
40 silly currentTree | `-- through2@0.6.5
40 silly currentTree +-- gulp-rename@1.2.2
40 silly currentTree +-- gulp-rev-replace@0.4.3
40 silly currentTree +-- gulp-rev@7.1.2
40 silly currentTree | `-- object-assign@4.1.0
40 silly currentTree +-- gulp-sass@2.3.2
40 silly currentTree | `-- lodash.clonedeep@4.5.0
40 silly currentTree +-- gulp-shell@0.5.2
40 silly currentTree | `-- async@1.5.2
40 silly currentTree +-- gulp-sourcemaps@1.6.0
40 silly currentTree | `-- vinyl@1.2.0
40 silly currentTree +-- gulp-uglify@1.5.4
40 silly currentTree | +-- source-map@0.5.6
40 silly currentTree | `-- uglify-js@2.6.4
40 silly currentTree +-- gulp-util@3.0.7
40 silly currentTree +-- gulp@3.9.1
40 silly currentTree +-- gulplog@1.0.0
40 silly currentTree +-- har-validator@2.0.6
40 silly currentTree | `-- commander@2.9.0
40 silly currentTree +-- has-ansi@2.0.0
40 silly currentTree +-- has-color@0.1.7
40 silly currentTree +-- has-flag@1.0.0
40 silly currentTree +-- has-gulplog@0.1.0
40 silly currentTree +-- has-unicode@2.0.1
40 silly currentTree +-- has@1.0.1
40 silly currentTree +-- hash-sum@1.0.2
40 silly currentTree +-- hash.js@1.0.3
40 silly currentTree +-- hawk@3.1.3
40 silly currentTree +-- he@1.1.0
40 silly currentTree +-- header-case@1.0.0
40 silly currentTree +-- hoek@2.16.3
40 silly currentTree +-- home-or-tmp@1.0.0
40 silly currentTree +-- hosted-git-info@2.1.5
40 silly currentTree +-- html-comment-regex@1.1.1
40 silly currentTree +-- html-minifier@2.1.7
40 silly currentTree | +-- commander@2.9.0
40 silly currentTree | +-- source-map@0.5.6
40 silly currentTree | `-- uglify-js@2.6.4
40 silly currentTree +-- http-browserify@1.7.0
40 silly currentTree +-- http-signature@1.1.1
40 silly currentTree +-- https-browserify@0.0.1
40 silly currentTree +-- iconv-lite@0.4.13
40 silly currentTree +-- icss-replace-symbols@1.0.2
40 silly currentTree +-- ieee754@1.1.8
40 silly currentTree +-- image-size@0.5.0
40 silly currentTree +-- in-publish@2.0.0
40 silly currentTree +-- indent-string@2.1.0
40 silly currentTree +-- indexes-of@1.0.1
40 silly currentTree +-- indexof@0.0.1
40 silly currentTree +-- indx@0.2.3
40 silly currentTree +-- inflight@1.0.5
40 silly currentTree +-- inherits@2.0.3
40 silly currentTree +-- ini@1.3.4
40 silly currentTree +-- interpret@1.0.1
40 silly currentTree +-- invariant@2.2.1
40 silly currentTree +-- invert-kv@1.0.0
40 silly currentTree +-- is-absolute-url@2.0.0
40 silly currentTree +-- is-absolute@0.2.5
40 silly currentTree | `-- is-windows@0.1.1
40 silly currentTree +-- is-arrayish@0.2.1
40 silly currentTree +-- is-binary-path@1.0.1
40 silly currentTree +-- is-buffer@1.1.4
40 silly currentTree +-- is-builtin-module@1.0.0
40 silly currentTree +-- is-dotfile@1.0.2
40 silly currentTree +-- is-equal-shallow@0.1.3
40 silly currentTree +-- is-extendable@0.1.1
40 silly currentTree +-- is-extglob@1.0.0
40 silly currentTree +-- is-finite@1.0.2
40 silly currentTree +-- is-fullwidth-code-point@1.0.0
40 silly currentTree +-- is-glob@2.0.1
40 silly currentTree +-- is-lower-case@1.1.3
40 silly currentTree +-- is-my-json-valid@2.15.0
40 silly currentTree +-- is-number@2.1.0
40 silly currentTree +-- is-path-cwd@1.0.0
40 silly currentTree +-- is-path-in-cwd@1.0.0
40 silly currentTree +-- is-path-inside@1.0.0
40 silly currentTree +-- is-plain-obj@1.1.0
40 silly currentTree +-- is-posix-bracket@0.1.1
40 silly currentTree +-- is-primitive@2.0.0
40 silly currentTree +-- is-property@1.0.2
40 silly currentTree +-- is-relative@0.2.1
40 silly currentTree +-- is-svg@2.0.1
40 silly currentTree +-- is-typedarray@1.0.0
40 silly currentTree +-- is-unc-path@0.1.1
40 silly currentTree +-- is-upper-case@1.1.2
40 silly currentTree +-- is-utf8@0.2.1
40 silly currentTree +-- is-windows@0.2.0
40 silly currentTree +-- is@3.1.0
40 silly currentTree +-- isarray@0.0.1
40 silly currentTree +-- isexe@1.1.2
40 silly currentTree +-- isobject@2.1.0
40 silly currentTree | `-- isarray@1.0.0
40 silly currentTree +-- isstream@0.1.2
40 silly currentTree +-- jodid25519@1.0.2
40 silly currentTree +-- jquery@3.1.1
40 silly currentTree +-- js-base64@2.1.9
40 silly currentTree +-- js-beautify@1.6.4
40 silly currentTree +-- js-tokens@2.0.0
40 silly currentTree +-- js-yaml@3.6.1
40 silly currentTree +-- jsbn@0.1.0
40 silly currentTree +-- jsesc@1.3.0
40 silly currentTree +-- json-schema@0.2.3
40 silly currentTree +-- json-stringify-safe@5.0.1
40 silly currentTree +-- json5@0.4.0
40 silly currentTree +-- jsonpointer@4.0.0
40 silly currentTree +-- jsprim@1.3.1
40 silly currentTree +-- jstransform@11.0.3
40 silly currentTree | +-- esprima-fb@15001.1.0-dev-harmony-fb
40 silly currentTree | `-- object-assign@2.1.1
40 silly currentTree +-- kind-of@3.0.4
40 silly currentTree +-- laravel-elixir-vue-2@0.2.0
40 silly currentTree | +-- lru-cache@4.0.1
40 silly currentTree | +-- object-assign@4.1.0
40 silly currentTree | +-- source-map@0.5.6
40 silly currentTree | +-- vue-hot-reload-api@2.0.6
40 silly currentTree | `-- vue-loader@9.5.1
40 silly currentTree +-- laravel-elixir-vue@0.1.8
40 silly currentTree | `-- vue@1.0.28
40 silly currentTree +-- laravel-elixir-webpack-official@1.0.8
40 silly currentTree +-- laravel-elixir@6.0.0-11
40 silly currentTree | +-- glob@7.1.1
40 silly currentTree | `-- minimatch@3.0.3
40 silly currentTree +-- lazy-cache@1.0.4
40 silly currentTree +-- lcid@1.0.0
40 silly currentTree +-- less@2.7.1
40 silly currentTree | `-- source-map@0.5.6
40 silly currentTree +-- liftoff@2.3.0
40 silly currentTree +-- load-json-file@1.1.0
40 silly currentTree +-- loader-runner@2.2.0
40 silly currentTree +-- loader-utils@0.2.16
40 silly currentTree | +-- json5@0.5.0
40 silly currentTree | `-- object-assign@4.1.0
40 silly currentTree +-- lodash._arraycopy@3.0.0
40 silly currentTree +-- lodash._arrayeach@3.0.0
40 silly currentTree +-- lodash._baseassign@3.2.0
40 silly currentTree +-- lodash._baseclone@3.3.0
40 silly currentTree +-- lodash._basecopy@3.0.1
40 silly currentTree +-- lodash._basefor@3.0.3
40 silly currentTree +-- lodash._basetostring@3.0.1
40 silly currentTree +-- lodash._basevalues@3.0.0
40 silly currentTree +-- lodash._bindcallback@3.0.1
40 silly currentTree +-- lodash._createcompounder@3.0.0
40 silly currentTree +-- lodash._getnative@3.9.1
40 silly currentTree +-- lodash._isiterateecall@3.0.9
40 silly currentTree +-- lodash._reescape@3.0.0
40 silly currentTree +-- lodash._reevaluate@3.0.0
40 silly currentTree +-- lodash._reinterpolate@3.0.0
40 silly currentTree +-- lodash._root@3.0.1
40 silly currentTree +-- lodash.assign@4.2.0
40 silly currentTree +-- lodash.assignwith@4.2.0
40 silly currentTree +-- lodash.camelcase@3.0.1
40 silly currentTree +-- lodash.clone@4.5.0
40 silly currentTree +-- lodash.clonedeep@3.0.2
40 silly currentTree +-- lodash.deburr@3.2.0
40 silly currentTree +-- lodash.escape@3.2.0
40 silly currentTree +-- lodash.indexof@4.0.5
40 silly currentTree +-- lodash.isarguments@3.1.0
40 silly currentTree +-- lodash.isarray@3.0.4
40 silly currentTree +-- lodash.isempty@4.4.0
40 silly currentTree +-- lodash.isplainobject@4.0.6
40 silly currentTree +-- lodash.isstring@4.0.1
40 silly currentTree +-- lodash.keys@3.1.2
40 silly currentTree +-- lodash.mapvalues@4.6.0
40 silly currentTree +-- lodash.pick@4.4.0
40 silly currentTree +-- lodash.restparam@3.6.1
40 silly currentTree +-- lodash.some@4.6.0
40 silly currentTree +-- lodash.template@3.6.2
40 silly currentTree +-- lodash.templatesettings@3.1.1
40 silly currentTree +-- lodash.words@3.2.0
40 silly currentTree +-- lodash@4.16.4
40 silly currentTree +-- longest@1.0.1
40 silly currentTree +-- loose-envify@1.2.0
40 silly currentTree | `-- js-tokens@1.0.3
40 silly currentTree +-- loud-rejection@1.6.0
40 silly currentTree +-- lower-case-first@1.0.2
40 silly currentTree +-- lower-case@1.1.3
40 silly currentTree +-- lru-cache@2.7.3
40 silly currentTree +-- macaddress@0.2.8
40 silly currentTree +-- magic-string@0.14.0
40 silly currentTree +-- map-cache@0.2.2
40 silly currentTree +-- map-obj@1.0.1
40 silly currentTree +-- marked-terminal@1.6.2
40 silly currentTree +-- marked@0.3.6
40 silly currentTree +-- math-expression-evaluator@1.2.14
40 silly currentTree +-- memory-fs@0.3.0
40 silly currentTree | +-- isarray@1.0.0
40 silly currentTree | `-- readable-stream@2.1.5
40 silly currentTree +-- meow@3.7.0
40 silly currentTree | `-- object-assign@4.1.0
40 silly currentTree +-- merge-stream@1.0.0
40 silly currentTree | +-- isarray@1.0.0
40 silly currentTree | `-- readable-stream@2.1.5
40 silly currentTree +-- micromatch@2.3.11
40 silly currentTree +-- miller-rabin@4.0.0
40 silly currentTree +-- mime-db@1.24.0
40 silly currentTree +-- mime-types@2.1.12
40 silly currentTree +-- mime@1.3.4
40 silly currentTree +-- minimalistic-assert@1.0.0
40 silly currentTree +-- minimatch@2.0.10
40 silly currentTree +-- minimist@1.2.0
40 silly currentTree +-- mkdirp@0.5.1
40 silly currentTree | `-- minimist@0.0.8
40 silly currentTree +-- modify-filename@1.1.0
40 silly currentTree +-- ms@0.7.1
40 silly currentTree +-- multipipe@0.1.2
40 silly currentTree +-- nan@2.4.0
40 silly currentTree +-- natives@1.1.0
40 silly currentTree +-- ncname@1.0.0
40 silly currentTree +-- new-from@0.0.3
40 silly currentTree +-- next-tick@1.0.0
40 silly currentTree +-- no-case@2.3.0
40 silly currentTree +-- node-emoji@1.4.1
40 silly currentTree +-- node-gyp@3.4.0
40 silly currentTree | +-- glob@7.1.1
40 silly currentTree | +-- minimatch@3.0.3
40 silly currentTree | `-- npmlog@3.1.2
40 silly currentTree +-- node-libs-browser@1.0.0
40 silly currentTree | +-- isarray@1.0.0
40 silly currentTree | `-- readable-stream@2.1.5
40 silly currentTree +-- node-notifier@4.6.1
40 silly currentTree | `-- semver@5.3.0
40 silly currentTree +-- node-sass@3.10.1
40 silly currentTree | +-- gaze@1.1.2
40 silly currentTree | +-- glob@7.1.1
40 silly currentTree | +-- globule@1.0.0
40 silly currentTree | | `-- glob@7.0.6
40 silly currentTree | +-- lodash.clonedeep@4.5.0
40 silly currentTree | +-- lodash@4.9.0
40 silly currentTree | `-- minimatch@3.0.3
40 silly currentTree +-- node-uuid@1.4.7
40 silly currentTree +-- node.extend@1.1.6
40 silly currentTree +-- nopt@3.0.6
40 silly currentTree +-- normalize-package-data@2.3.5
40 silly currentTree +-- normalize-path@2.0.1
40 silly currentTree +-- normalize-range@0.1.2
40 silly currentTree +-- normalize-url@1.6.1
40 silly currentTree | `-- object-assign@4.1.0
40 silly currentTree +-- npmlog@4.0.0
40 silly currentTree +-- num2fraction@1.2.2
40 silly currentTree +-- number-is-nan@1.0.1
40 silly currentTree +-- oauth-sign@0.8.2
40 silly currentTree +-- object-assign@3.0.0
40 silly currentTree +-- object-keys@0.4.0
40 silly currentTree +-- object.omit@2.0.0
40 silly currentTree +-- once@1.3.3
40 silly currentTree +-- optimist@0.6.1
40 silly currentTree | `-- minimist@0.0.10
40 silly currentTree +-- orchestrator@0.3.7
40 silly currentTree +-- ordered-read-streams@0.1.0
40 silly currentTree +-- os-browserify@0.2.1
40 silly currentTree +-- os-homedir@1.0.2
40 silly currentTree +-- os-locale@1.4.0
40 silly currentTree +-- os-tmpdir@1.0.2
40 silly currentTree +-- osenv@0.1.3
40 silly currentTree +-- pako@0.2.9
40 silly currentTree +-- param-case@2.1.0
40 silly currentTree +-- parse-asn1@5.0.0
40 silly currentTree +-- parse-filepath@1.0.1
40 silly currentTree +-- parse-glob@3.0.4
40 silly currentTree +-- parse-json@2.2.0
40 silly currentTree +-- parse5@2.2.2
40 silly currentTree +-- pascal-case@2.0.0
40 silly currentTree +-- path-array@1.0.1
40 silly currentTree +-- path-browserify@0.0.0
40 silly currentTree +-- path-case@2.1.0
40 silly currentTree +-- path-exists@2.1.0
40 silly currentTree +-- path-is-absolute@1.0.1
40 silly currentTree +-- path-is-inside@1.0.2
40 silly currentTree +-- path-root-regex@0.1.2
40 silly currentTree +-- path-root@0.1.1
40 silly currentTree +-- path-type@1.1.0
40 silly currentTree +-- path@0.12.7
40 silly currentTree +-- pbkdf2-compat@2.0.1
40 silly currentTree +-- pbkdf2@3.0.9
40 silly currentTree +-- pify@2.3.0
40 silly currentTree +-- pinkie-promise@2.0.1
40 silly currentTree +-- pinkie@2.0.4
40 silly currentTree +-- postcss-calc@5.3.1
40 silly currentTree +-- postcss-colormin@2.2.1
40 silly currentTree +-- postcss-convert-values@2.4.1
40 silly currentTree +-- postcss-discard-comments@2.0.4
40 silly currentTree +-- postcss-discard-duplicates@2.0.1
40 silly currentTree +-- postcss-discard-empty@2.1.0
40 silly currentTree +-- postcss-discard-overridden@0.1.1
40 silly currentTree +-- postcss-discard-unused@2.2.1
40 silly currentTree +-- postcss-filter-plugins@2.0.2
40 silly currentTree +-- postcss-merge-idents@2.1.7
40 silly currentTree +-- postcss-merge-longhand@2.0.1
40 silly currentTree +-- postcss-merge-rules@2.0.10
40 silly currentTree +-- postcss-message-helpers@2.0.0
40 silly currentTree +-- postcss-minify-font-values@1.0.5
40 silly currentTree | `-- object-assign@4.1.0
40 silly currentTree +-- postcss-minify-gradients@1.0.3
40 silly currentTree +-- postcss-minify-params@1.0.5
40 silly currentTree +-- postcss-minify-selectors@2.0.5
40 silly currentTree +-- postcss-modules-extract-imports@1.0.1
40 silly currentTree +-- postcss-modules-local-by-default@1.1.1
40 silly currentTree | +-- css-selector-tokenizer@0.6.0
40 silly currentTree | `-- regexpu-core@1.0.0
40 silly currentTree +-- postcss-modules-scope@1.0.2
40 silly currentTree | +-- css-selector-tokenizer@0.6.0
40 silly currentTree | `-- regexpu-core@1.0.0
40 silly currentTree +-- postcss-modules-values@1.2.2
40 silly currentTree +-- postcss-normalize-charset@1.1.0
40 silly currentTree +-- postcss-normalize-url@3.0.7
40 silly currentTree +-- postcss-ordered-values@2.2.2
40 silly currentTree +-- postcss-reduce-idents@2.3.0
40 silly currentTree +-- postcss-reduce-initial@1.0.0
40 silly currentTree +-- postcss-reduce-transforms@1.0.3
40 silly currentTree +-- postcss-selector-parser@2.2.1
40 silly currentTree +-- postcss-svgo@2.1.5
40 silly currentTree +-- postcss-unique-selectors@2.0.2
40 silly currentTree +-- postcss-value-parser@3.3.0
40 silly currentTree +-- postcss-zindex@2.1.1
40 silly currentTree +-- postcss@5.2.4
40 silly currentTree | +-- source-map@0.5.6
40 silly currentTree | `-- supports-color@3.1.2
40 silly currentTree +-- prepend-http@1.0.4
40 silly currentTree +-- preserve@0.2.0
40 silly currentTree +-- pretty-hrtime@1.0.2
40 silly currentTree +-- private@0.1.6
40 silly currentTree +-- process-nextick-args@1.0.7
40 silly currentTree +-- process@0.11.9
40 silly currentTree +-- promise@7.1.1
40 silly currentTree +-- proto-list@1.2.4
40 silly currentTree +-- prr@0.0.0
40 silly currentTree +-- pseudomap@1.0.2
40 silly currentTree +-- public-encrypt@4.0.0
40 silly currentTree +-- punycode@1.4.1
40 silly currentTree +-- q@1.4.1
40 silly currentTree +-- qs@6.2.1
40 silly currentTree +-- query-string@4.2.3
40 silly currentTree | `-- object-assign@4.1.0
40 silly currentTree +-- querystring-es3@0.2.1
40 silly currentTree +-- querystring@0.2.0
40 silly currentTree +-- randomatic@1.1.5
40 silly currentTree +-- randombytes@2.0.3
40 silly currentTree +-- read-pkg-up@1.0.1
40 silly currentTree +-- read-pkg@1.1.0
40 silly currentTree +-- readable-stream@1.1.14
40 silly currentTree +-- readdirp@2.1.0
40 silly currentTree | +-- isarray@1.0.0
40 silly currentTree | +-- minimatch@3.0.3
40 silly currentTree | `-- readable-stream@2.1.5
40 silly currentTree +-- recast@0.10.43
40 silly currentTree | +-- esprima-fb@15001.1001.0-dev-harmony-fb
40 silly currentTree | `-- source-map@0.5.6
40 silly currentTree +-- rechoir@0.6.2
40 silly currentTree +-- redent@1.0.0
40 silly currentTree +-- redeyed@1.0.0
40 silly currentTree +-- reduce-css-calc@1.3.0
40 silly currentTree +-- reduce-function-call@1.0.1
40 silly currentTree | `-- balanced-match@0.1.0
40 silly currentTree +-- regenerate@1.3.1
40 silly currentTree +-- regenerator-runtime@0.9.5
40 silly currentTree +-- regex-cache@0.4.3
40 silly currentTree +-- regexpu-core@2.0.0
40 silly currentTree +-- regjsgen@0.2.0
40 silly currentTree +-- regjsparser@0.1.5
40 silly currentTree | `-- jsesc@0.5.0
40 silly currentTree +-- relateurl@0.2.7
40 silly currentTree +-- repeat-element@1.1.2
40 silly currentTree +-- repeat-string@1.5.4
40 silly currentTree +-- repeating@2.0.1
40 silly currentTree +-- replace-ext@0.0.1
40 silly currentTree +-- request@2.75.0
40 silly currentTree +-- require-dir@0.3.1
40 silly currentTree +-- require-directory@2.1.1
40 silly currentTree +-- require-main-filename@1.0.1
40 silly currentTree +-- resolve-dir@0.1.1
40 silly currentTree +-- resolve@1.1.7
40 silly currentTree +-- rev-hash@1.0.0
40 silly currentTree +-- rev-path@1.0.0
40 silly currentTree +-- right-align@0.1.3
40 silly currentTree +-- rimraf@2.5.4
40 silly currentTree | +-- glob@7.1.1
40 silly currentTree | `-- minimatch@3.0.3
40 silly currentTree +-- ripemd160@1.0.1
40 silly currentTree +-- run-sequence@1.2.2
40 silly currentTree +-- sass-graph@2.1.2
40 silly currentTree | +-- cliui@3.2.0
40 silly currentTree | +-- glob@7.1.1
40 silly currentTree | +-- minimatch@3.0.3
40 silly currentTree | +-- window-size@0.2.0
40 silly currentTree | `-- yargs@4.8.1
40 silly currentTree +-- sass-loader@4.0.2
40 silly currentTree | +-- async@2.0.1
40 silly currentTree | `-- object-assign@4.1.0
40 silly currentTree +-- sax@1.2.1
40 silly currentTree +-- semver@4.3.6
40 silly currentTree +-- sentence-case@2.1.0
40 silly currentTree +-- sequencify@0.0.7
40 silly currentTree +-- set-blocking@2.0.0
40 silly currentTree +-- set-immediate-shim@1.0.1
40 silly currentTree +-- sha.js@2.4.5
40 silly currentTree +-- shebang-regex@1.0.0
40 silly currentTree +-- shellwords@0.1.0
40 silly currentTree +-- sigmund@1.0.1
40 silly currentTree +-- signal-exit@3.0.1
40 silly currentTree +-- slash@1.0.0
40 silly currentTree +-- snake-case@2.1.0
40 silly currentTree +-- sntp@1.0.9
40 silly currentTree +-- sort-keys@1.1.2
40 silly currentTree +-- source-list-map@0.1.6
40 silly currentTree +-- source-map-support@0.4.3
40 silly currentTree | `-- source-map@0.5.6
40 silly currentTree +-- source-map@0.4.4
40 silly currentTree +-- sparkles@1.0.0
40 silly currentTree +-- spdx-correct@1.0.2
40 silly currentTree +-- spdx-expression-parse@1.0.4
40 silly currentTree +-- spdx-license-ids@1.2.2
40 silly currentTree +-- sprintf-js@1.0.3
40 silly currentTree +-- sshpk@1.10.1
40 silly currentTree | `-- assert-plus@1.0.0
40 silly currentTree +-- stream-array@1.1.2
40 silly currentTree | +-- isarray@1.0.0
40 silly currentTree | `-- readable-stream@2.1.5
40 silly currentTree +-- stream-browserify@2.0.1
40 silly currentTree | +-- isarray@1.0.0
40 silly currentTree | `-- readable-stream@2.1.5
40 silly currentTree +-- stream-consume@0.1.0
40 silly currentTree +-- stream-exhaust@1.0.1
40 silly currentTree +-- stream-shift@1.0.0
40 silly currentTree +-- strict-uri-encode@1.1.0
40 silly currentTree +-- string_decoder@0.10.31
40 silly currentTree +-- string-width@1.0.2
40 silly currentTree +-- string.prototype.codepointat@0.2.0
40 silly currentTree +-- stringstream@0.0.5
40 silly currentTree +-- strip-ansi@3.0.1
40 silly currentTree +-- strip-bom-stream@1.0.0
40 silly currentTree +-- strip-bom@2.0.0
40 silly currentTree +-- strip-indent@1.0.1
40 silly currentTree +-- supports-color@2.0.0
40 silly currentTree +-- svgo@0.7.1
40 silly currentTree | `-- colors@1.1.2
40 silly currentTree +-- swap-case@1.1.2
40 silly currentTree +-- sweetalert@1.1.3
40 silly currentTree +-- tapable@0.2.4
40 silly currentTree +-- tar@2.2.1
40 silly currentTree +-- ternary-stream@2.0.0
40 silly currentTree +-- through@2.3.8
40 silly currentTree +-- through2@2.0.1
40 silly currentTree | +-- isarray@1.0.0
40 silly currentTree | `-- readable-stream@2.0.6
40 silly currentTree +-- tildify@1.2.0
40 silly currentTree +-- time-stamp@1.0.1
40 silly currentTree +-- timers-browserify@1.4.2
40 silly currentTree +-- title-case@2.1.0
40 silly currentTree +-- to-fast-properties@1.0.2
40 silly currentTree +-- toastr@2.1.2
40 silly currentTree +-- tough-cookie@2.3.1
40 silly currentTree +-- trim-newlines@1.0.0
40 silly currentTree +-- tty-browserify@0.0.0
40 silly currentTree +-- tunnel-agent@0.4.3
40 silly currentTree +-- tweetnacl@0.14.3
40 silly currentTree +-- uglify-js@2.7.3
40 silly currentTree | `-- source-map@0.5.6
40 silly currentTree +-- uglify-save-license@0.4.1
40 silly currentTree +-- uglify-to-browserify@1.0.2
40 silly currentTree +-- unc-path-regex@0.1.2
40 silly currentTree +-- underscore@1.8.3
40 silly currentTree +-- uniq@1.0.1
40 silly currentTree +-- uniqid@4.1.0
40 silly currentTree +-- uniqs@2.0.0
40 silly currentTree +-- unique-stream@1.0.0
40 silly currentTree +-- upper-case-first@1.1.2
40 silly currentTree +-- upper-case@1.1.3
40 silly currentTree +-- url-loader@0.5.7
40 silly currentTree | `-- mime@1.2.11
40 silly currentTree +-- url@0.11.0
40 silly currentTree | `-- punycode@1.3.2
40 silly currentTree +-- user-home@1.1.1
40 silly currentTree +-- util-deprecate@1.0.2
40 silly currentTree +-- util@0.10.3
40 silly currentTree | `-- inherits@2.0.1
40 silly currentTree +-- v8flags@2.0.11
40 silly currentTree +-- validate-npm-package-license@3.0.1
40 silly currentTree +-- vendors@1.0.1
40 silly currentTree +-- verror@1.3.6
40 silly currentTree +-- vinyl-file@1.3.0
40 silly currentTree | `-- vinyl@1.2.0
40 silly currentTree +-- vinyl-fs@0.3.14
40 silly currentTree | +-- clone@0.2.0
40 silly currentTree | +-- graceful-fs@3.0.11
40 silly currentTree | +-- readable-stream@1.0.34
40 silly currentTree | +-- strip-bom@1.0.0
40 silly currentTree | +-- through2@0.6.5
40 silly currentTree | `-- vinyl@0.4.6
40 silly currentTree +-- vinyl-map@1.0.1
40 silly currentTree | +-- bl@0.7.0
40 silly currentTree | +-- readable-stream@1.0.34
40 silly currentTree | +-- through2@0.4.2
40 silly currentTree | `-- xtend@2.1.2
40 silly currentTree +-- vinyl-sourcemaps-apply@0.2.1
40 silly currentTree | `-- source-map@0.5.6
40 silly currentTree +-- vinyl@0.5.3
40 silly currentTree +-- vlq@0.2.1
40 silly currentTree +-- vm-browserify@0.0.4
40 silly currentTree +-- vue-hot-reload-api@1.3.3
40 silly currentTree +-- vue-html-loader@1.2.3
40 silly currentTree | `-- object-assign@4.1.0
40 silly currentTree +-- vue-loader@8.5.4
40 silly currentTree | +-- object-assign@4.1.0
40 silly currentTree | +-- postcss-selector-parser@1.3.3
40 silly currentTree | `-- source-map@0.5.6
40 silly currentTree +-- vue-resource@1.0.3
40 silly currentTree +-- vue-router@2.0.0
40 silly currentTree +-- vue-style-loader@1.0.0
40 silly currentTree +-- vue-template-compiler@2.0.1
40 silly currentTree +-- vue-template-es2015-compiler@1.0.0
40 silly currentTree +-- vue-template-validator@1.1.5
40 silly currentTree +-- vue@2.0.1
40 silly currentTree +-- vuex@2.0.0
40 silly currentTree +-- watchpack@1.1.0
40 silly currentTree | `-- async@2.0.0-rc.4
40 silly currentTree +-- webpack-core@0.6.8
40 silly currentTree +-- webpack-sources@0.1.2
40 silly currentTree | `-- source-map@0.5.6
40 silly currentTree +-- webpack-stream@3.2.0
40 silly currentTree | +-- acorn@3.3.0
40 silly currentTree | +-- async@1.5.2
40 silly currentTree | +-- constants-browserify@0.0.1
40 silly currentTree | +-- crypto-browserify@3.2.8
40 silly currentTree | +-- enhanced-resolve@0.9.1
40 silly currentTree | | `-- memory-fs@0.2.0
40 silly currentTree | +-- https-browserify@0.0.0
40 silly currentTree | +-- interpret@0.6.6
40 silly currentTree | +-- node-libs-browser@0.6.0
40 silly currentTree | +-- os-browserify@0.1.2
40 silly currentTree | +-- ripemd160@0.2.0
40 silly currentTree | +-- sha.js@2.2.6
40 silly currentTree | +-- source-map@0.5.6
40 silly currentTree | +-- stream-browserify@1.0.0
40 silly currentTree | +-- supports-color@3.1.2
40 silly currentTree | +-- tapable@0.1.10
40 silly currentTree | +-- uglify-js@2.6.4
40 silly currentTree | | `-- async@0.2.10
40 silly currentTree | +-- url@0.10.3
40 silly currentTree | | `-- punycode@1.3.2
40 silly currentTree | +-- vinyl@1.2.0
40 silly currentTree | +-- watchpack@0.2.9
40 silly currentTree | | `-- async@0.9.2
40 silly currentTree | `-- webpack@1.13.2
40 silly currentTree +-- webpack@2.1.0-beta.22
40 silly currentTree | +-- acorn@3.3.0
40 silly currentTree | +-- async@1.5.2
40 silly currentTree | +-- camelcase@1.2.1
40 silly currentTree | +-- object-assign@4.1.0
40 silly currentTree | +-- source-map@0.5.6
40 silly currentTree | +-- supports-color@3.1.2
40 silly currentTree | +-- uglify-js@2.6.4
40 silly currentTree | | +-- async@0.2.10
40 silly currentTree | | `-- yargs@3.10.0
40 silly currentTree | `-- yargs@4.8.1
40 silly currentTree |   +-- cliui@3.2.0
40 silly currentTree |   `-- window-size@0.2.0
40 silly currentTree +-- when@3.7.7
40 silly currentTree +-- whet.extend@0.9.9
40 silly currentTree +-- which-module@1.0.0
40 silly currentTree +-- which@1.2.11
40 silly currentTree +-- wide-align@1.1.0
40 silly currentTree +-- window-size@0.1.0
40 silly currentTree +-- wordwrap@0.0.2
40 silly currentTree +-- wrap-ansi@2.0.0
40 silly currentTree +-- wrappy@1.0.2
40 silly currentTree +-- xml-char-classes@1.0.0
40 silly currentTree +-- xtend@4.0.1
40 silly currentTree +-- y18n@3.2.1
40 silly currentTree +-- yallist@2.0.0
40 silly currentTree +-- yargs-parser@2.4.1
40 silly currentTree | `-- camelcase@3.0.0
40 silly currentTree `-- yargs@3.10.0
40 silly currentTree   `-- camelcase@1.2.1
41 silly idealTree UM-QMO
41 silly idealTree +-- abbrev@1.0.9
41 silly idealTree +-- accord@0.23.0
41 silly idealTree | +-- glob@7.0.3
41 silly idealTree | +-- lodash@4.11.2
41 silly idealTree | `-- semver@5.3.0
41 silly idealTree +-- acorn-jsx@3.0.1
41 silly idealTree | `-- acorn@3.3.0
41 silly idealTree +-- acorn-object-spread@1.0.0
41 silly idealTree | `-- acorn@3.3.0
41 silly idealTree +-- acorn@1.2.2
41 silly idealTree +-- align-text@0.1.4
41 silly idealTree +-- alphanum-sort@1.0.2
41 silly idealTree +-- amdefine@1.0.0
41 silly idealTree +-- ansi-regex@2.0.0
41 silly idealTree +-- ansi-styles@2.2.1
41 silly idealTree +-- ansicolors@0.2.1
41 silly idealTree +-- anymatch@1.3.0
41 silly idealTree +-- aproba@1.0.4
41 silly idealTree +-- archy@1.0.0
41 silly idealTree +-- are-we-there-yet@1.1.2
41 silly idealTree +-- argparse@1.0.9
41 silly idealTree +-- arr-diff@2.0.0
41 silly idealTree +-- arr-flatten@1.0.1
41 silly idealTree +-- array-differ@1.0.0
41 silly idealTree +-- array-find-index@1.0.2
41 silly idealTree +-- array-index@1.0.0
41 silly idealTree +-- array-union@1.0.2
41 silly idealTree +-- array-uniq@1.0.3
41 silly idealTree +-- array-unique@0.2.1
41 silly idealTree +-- arrify@1.0.1
41 silly idealTree +-- asap@2.0.5
41 silly idealTree +-- asn1.js@4.8.1
41 silly idealTree +-- asn1@0.2.3
41 silly idealTree +-- assert-plus@0.2.0
41 silly idealTree +-- assert@1.4.1
41 silly idealTree +-- ast-types@0.8.15
41 silly idealTree +-- async-done@1.2.2
41 silly idealTree | `-- end-of-stream@1.1.0
41 silly idealTree +-- async-each@1.0.1
41 silly idealTree +-- async-foreach@0.1.3
41 silly idealTree +-- async@0.2.10
41 silly idealTree +-- asynckit@0.4.0
41 silly idealTree +-- autoprefixer@6.5.0
41 silly idealTree +-- aws-sign2@0.6.0
41 silly idealTree +-- aws4@1.4.1
41 silly idealTree +-- babel-code-frame@6.16.0
41 silly idealTree +-- babel-core@6.17.0
41 silly idealTree | +-- minimatch@3.0.3
41 silly idealTree | +-- path-exists@1.0.0
41 silly idealTree | `-- source-map@0.5.6
41 silly idealTree +-- babel-generator@6.17.0
41 silly idealTree | `-- source-map@0.5.6
41 silly idealTree +-- babel-helper-call-delegate@6.8.0
41 silly idealTree +-- babel-helper-define-map@6.9.0
41 silly idealTree +-- babel-helper-function-name@6.8.0
41 silly idealTree +-- babel-helper-get-function-arity@6.8.0
41 silly idealTree +-- babel-helper-hoist-variables@6.8.0
41 silly idealTree +-- babel-helper-optimise-call-expression@6.8.0
41 silly idealTree +-- babel-helper-regex@6.9.0
41 silly idealTree +-- babel-helper-replace-supers@6.16.0
41 silly idealTree +-- babel-helpers@6.16.0
41 silly idealTree +-- babel-loader@6.2.5
41 silly idealTree | `-- object-assign@4.1.0
41 silly idealTree +-- babel-messages@6.8.0
41 silly idealTree +-- babel-plugin-add-module-exports@0.2.1
41 silly idealTree +-- babel-plugin-check-es2015-constants@6.8.0
41 silly idealTree +-- babel-plugin-transform-es2015-arrow-functions@6.8.0
41 silly idealTree +-- babel-plugin-transform-es2015-block-scoped-functions@6.8.0
41 silly idealTree +-- babel-plugin-transform-es2015-block-scoping@6.15.0
41 silly idealTree +-- babel-plugin-transform-es2015-classes@6.14.0
41 silly idealTree +-- babel-plugin-transform-es2015-computed-properties@6.8.0
41 silly idealTree +-- babel-plugin-transform-es2015-destructuring@6.16.0
41 silly idealTree +-- babel-plugin-transform-es2015-duplicate-keys@6.8.0
41 silly idealTree +-- babel-plugin-transform-es2015-for-of@6.8.0
41 silly idealTree +-- babel-plugin-transform-es2015-function-name@6.9.0
41 silly idealTree +-- babel-plugin-transform-es2015-literals@6.8.0
41 silly idealTree +-- babel-plugin-transform-es2015-modules-amd@6.8.0
41 silly idealTree +-- babel-plugin-transform-es2015-modules-commonjs@6.16.0
41 silly idealTree +-- babel-plugin-transform-es2015-modules-systemjs@6.14.0
41 silly idealTree +-- babel-plugin-transform-es2015-modules-umd@6.12.0
41 silly idealTree +-- babel-plugin-transform-es2015-object-super@6.8.0
41 silly idealTree +-- babel-plugin-transform-es2015-parameters@6.17.0
41 silly idealTree +-- babel-plugin-transform-es2015-shorthand-properties@6.8.0
41 silly idealTree +-- babel-plugin-transform-es2015-spread@6.8.0
41 silly idealTree +-- babel-plugin-transform-es2015-sticky-regex@6.8.0
41 silly idealTree +-- babel-plugin-transform-es2015-template-literals@6.8.0
41 silly idealTree +-- babel-plugin-transform-es2015-typeof-symbol@6.8.0
41 silly idealTree +-- babel-plugin-transform-es2015-unicode-regex@6.11.0
41 silly idealTree +-- babel-plugin-transform-regenerator@6.16.1
41 silly idealTree +-- babel-plugin-transform-runtime@6.15.0
41 silly idealTree +-- babel-plugin-transform-strict-mode@6.11.3
41 silly idealTree +-- babel-preset-es2015@6.16.0
41 silly idealTree +-- babel-register@6.16.3
41 silly idealTree | `-- path-exists@1.0.0
41 silly idealTree +-- babel-runtime@6.11.6
41 silly idealTree +-- babel-template@6.16.0
41 silly idealTree +-- babel-traverse@6.16.0
41 silly idealTree +-- babel-types@6.16.0
41 silly idealTree +-- babylon@6.11.4
41 silly idealTree +-- balanced-match@0.4.2
41 silly idealTree +-- base62@1.1.1
41 silly idealTree +-- base64-js@1.2.0
41 silly idealTree +-- Base64@0.2.1
41 silly idealTree +-- bcrypt-pbkdf@1.0.0
41 silly idealTree +-- beeper@1.1.0
41 silly idealTree +-- big.js@3.1.3
41 silly idealTree +-- binary-extensions@1.7.0
41 silly idealTree +-- bl@1.1.2
41 silly idealTree | +-- isarray@1.0.0
41 silly idealTree | `-- readable-stream@2.0.6
41 silly idealTree +-- block-stream@0.0.9
41 silly idealTree +-- bluebird@3.4.6
41 silly idealTree +-- bn.js@4.11.6
41 silly idealTree +-- boom@2.10.1
41 silly idealTree +-- bootstrap-sass@3.3.7
41 silly idealTree +-- brace-expansion@1.1.6
41 silly idealTree +-- braces@1.8.5
41 silly idealTree +-- brorand@1.0.6
41 silly idealTree +-- browserify-aes@1.0.6
41 silly idealTree +-- browserify-cipher@1.0.0
41 silly idealTree +-- browserify-des@1.0.0
41 silly idealTree +-- browserify-rsa@4.0.1
41 silly idealTree +-- browserify-sign@4.0.0
41 silly idealTree +-- browserify-zlib@0.1.4
41 silly idealTree +-- browserslist@1.4.0
41 silly idealTree +-- buble-loader@0.2.2
41 silly idealTree +-- buble@0.12.5
41 silly idealTree | `-- acorn@3.3.0
41 silly idealTree +-- buffer-shims@1.0.0
41 silly idealTree +-- buffer-xor@1.0.3
41 silly idealTree +-- buffer@4.9.1
41 silly idealTree | `-- isarray@1.0.0
41 silly idealTree +-- builtin-modules@1.1.1
41 silly idealTree +-- camel-case@3.0.0
41 silly idealTree +-- camelcase-keys@2.1.0
41 silly idealTree +-- camelcase@2.1.1
41 silly idealTree +-- caniuse-db@1.0.30000550
41 silly idealTree +-- cardinal@1.0.0
41 silly idealTree +-- caseless@0.11.0
41 silly idealTree +-- center-align@0.1.3
41 silly idealTree +-- chalk@1.1.3
41 silly idealTree +-- change-case@3.0.0
41 silly idealTree +-- chokidar@1.6.0
41 silly idealTree +-- cipher-base@1.0.3
41 silly idealTree +-- clap@1.1.1
41 silly idealTree +-- clean-css@3.4.20
41 silly idealTree +-- cli-table@0.3.1
41 silly idealTree +-- cli-usage@0.1.4
41 silly idealTree +-- cliui@2.1.0
41 silly idealTree +-- clone-stats@0.0.1
41 silly idealTree +-- clone@1.0.2
41 silly idealTree +-- coa@1.0.1
41 silly idealTree +-- code-point-at@1.0.1
41 silly idealTree +-- color-convert@1.5.0
41 silly idealTree +-- color-name@1.1.1
41 silly idealTree +-- color-string@0.3.0
41 silly idealTree +-- color@0.11.3
41 silly idealTree +-- colormin@1.1.2
41 silly idealTree +-- colors@1.0.3
41 silly idealTree +-- combined-stream@1.0.5
41 silly idealTree +-- commander@2.8.1
41 silly idealTree +-- commoner@0.10.4
41 silly idealTree | `-- glob@5.0.15
41 silly idealTree +-- concat-map@0.0.1
41 silly idealTree +-- concat-with-sourcemaps@1.0.4
41 silly idealTree | `-- source-map@0.5.6
41 silly idealTree +-- config-chain@1.1.11
41 silly idealTree +-- console-browserify@1.1.0
41 silly idealTree +-- console-control-strings@1.1.0
41 silly idealTree +-- consolidate@0.14.1
41 silly idealTree +-- constant-case@2.0.0
41 silly idealTree +-- constants-browserify@1.0.0
41 silly idealTree +-- convert-source-map@1.3.0
41 silly idealTree +-- core-js@2.4.1
41 silly idealTree +-- core-util-is@1.0.2
41 silly idealTree +-- create-ecdh@4.0.0
41 silly idealTree +-- create-hash@1.1.2
41 silly idealTree +-- create-hmac@1.1.4
41 silly idealTree +-- cross-spawn@3.0.1
41 silly idealTree | `-- lru-cache@4.0.1
41 silly idealTree +-- cryptiles@2.0.5
41 silly idealTree +-- crypto-browserify@3.11.0
41 silly idealTree +-- css-color-names@0.0.4
41 silly idealTree +-- css-loader@0.23.1
41 silly idealTree | `-- object-assign@4.1.0
41 silly idealTree +-- css-selector-tokenizer@0.5.4
41 silly idealTree +-- cssesc@0.1.0
41 silly idealTree +-- cssnano@3.7.6
41 silly idealTree | `-- object-assign@4.1.0
41 silly idealTree +-- csso@2.2.1
41 silly idealTree | `-- source-map@0.5.6
41 silly idealTree +-- currently-unhandled@0.4.1
41 silly idealTree +-- d@0.1.1
41 silly idealTree +-- dashdash@1.14.0
41 silly idealTree | `-- assert-plus@1.0.0
41 silly idealTree +-- date-now@0.1.4
41 silly idealTree +-- dateformat@1.0.12
41 silly idealTree +-- de-indent@1.0.2
41 silly idealTree +-- deap@1.0.0
41 silly idealTree +-- debug@2.2.0
41 silly idealTree +-- decamelize@1.2.0
41 silly idealTree +-- defaults@1.0.3
41 silly idealTree +-- defined@1.0.0
41 silly idealTree +-- del@2.2.2
41 silly idealTree | `-- object-assign@4.1.0
41 silly idealTree +-- delayed-stream@1.0.0
41 silly idealTree +-- delegates@1.0.0
41 silly idealTree +-- deprecated@0.0.1
41 silly idealTree +-- des.js@1.0.0
41 silly idealTree +-- detect-file@0.1.0
41 silly idealTree +-- detect-indent@3.0.1
41 silly idealTree | `-- repeating@1.1.3
41 silly idealTree +-- detective@4.3.1
41 silly idealTree +-- diffie-hellman@5.0.2
41 silly idealTree +-- domain-browser@1.1.7
41 silly idealTree +-- dot-case@2.1.0
41 silly idealTree +-- duplexer2@0.0.2
41 silly idealTree +-- duplexify@3.4.5
41 silly idealTree | +-- end-of-stream@1.0.0
41 silly idealTree | +-- isarray@1.0.0
41 silly idealTree | `-- readable-stream@2.1.5
41 silly idealTree +-- ecc-jsbn@0.1.1
41 silly idealTree +-- editorconfig@0.13.2
41 silly idealTree | +-- commander@2.9.0
41 silly idealTree | `-- lru-cache@3.2.0
41 silly idealTree +-- elliptic@6.3.2
41 silly idealTree +-- emojis-list@2.1.0
41 silly idealTree +-- end-of-stream@0.1.5
41 silly idealTree +-- enhanced-resolve@2.3.0
41 silly idealTree | `-- object-assign@4.1.0
41 silly idealTree +-- entities@1.1.1
41 silly idealTree +-- envify@3.4.1
41 silly idealTree +-- errno@0.1.4
41 silly idealTree +-- error-ex@1.3.0
41 silly idealTree +-- es5-ext@0.10.12
41 silly idealTree +-- es6-iterator@2.0.0
41 silly idealTree +-- es6-symbol@3.1.0
41 silly idealTree +-- es6-templates@0.2.3
41 silly idealTree | +-- ast-types@0.9.0
41 silly idealTree | +-- esprima@3.0.0
41 silly idealTree | +-- recast@0.11.14
41 silly idealTree | `-- source-map@0.5.6
41 silly idealTree +-- escape-string-regexp@1.0.5
41 silly idealTree +-- esprima@2.7.3
41 silly idealTree +-- esutils@2.0.2
41 silly idealTree +-- events@1.1.1
41 silly idealTree +-- evp_bytestokey@1.0.0
41 silly idealTree +-- expand-brackets@0.1.5
41 silly idealTree +-- expand-range@1.8.2
41 silly idealTree +-- expand-tilde@1.2.2
41 silly idealTree +-- extend@3.0.0
41 silly idealTree +-- extglob@0.3.2
41 silly idealTree +-- extsprintf@1.0.2
41 silly idealTree +-- fancy-log@1.2.0
41 silly idealTree +-- fastparse@1.1.1
41 silly idealTree +-- file-loader@0.9.0
41 silly idealTree +-- filename-regex@2.0.0
41 silly idealTree +-- filepicker-js@2.4.18
41 silly idealTree +-- fill-range@2.2.3
41 silly idealTree +-- find-index@0.1.1
41 silly idealTree +-- find-up@1.1.2
41 silly idealTree +-- findup-sync@0.4.2
41 silly idealTree +-- fined@1.0.2
41 silly idealTree +-- first-chunk-stream@1.0.0
41 silly idealTree +-- flagged-respawn@0.3.2
41 silly idealTree +-- flatten@1.0.2
41 silly idealTree +-- fobject@0.0.4
41 silly idealTree | `-- semver@5.3.0
41 silly idealTree +-- for-in@0.1.6
41 silly idealTree +-- for-own@0.1.4
41 silly idealTree +-- forever-agent@0.6.1
41 silly idealTree +-- fork-stream@0.0.4
41 silly idealTree +-- form-data@2.0.0
41 silly idealTree +-- fs-exists-sync@0.1.0
41 silly idealTree +-- fs.realpath@1.0.0
41 silly idealTree +-- fstream@1.0.10
41 silly idealTree +-- function-bind@1.1.0
41 silly idealTree +-- gauge@2.6.0
41 silly idealTree | `-- object-assign@4.1.0
41 silly idealTree +-- gaze@0.5.2
41 silly idealTree +-- generate-function@2.0.0
41 silly idealTree +-- generate-object-property@1.2.0
41 silly idealTree +-- get-caller-file@1.0.2
41 silly idealTree +-- get-stdin@4.0.1
41 silly idealTree +-- getpass@0.1.6
41 silly idealTree | `-- assert-plus@1.0.0
41 silly idealTree +-- glob-base@0.3.0
41 silly idealTree +-- glob-parent@2.0.0
41 silly idealTree +-- glob-stream@3.1.18
41 silly idealTree | +-- readable-stream@1.0.34
41 silly idealTree | `-- through2@0.6.5
41 silly idealTree +-- glob-watcher@0.0.6
41 silly idealTree +-- glob@4.5.3
41 silly idealTree +-- glob2base@0.0.12
41 silly idealTree +-- global-modules@0.2.3
41 silly idealTree +-- global-prefix@0.1.4
41 silly idealTree +-- globals@8.18.0
41 silly idealTree +-- globby@5.0.0
41 silly idealTree | +-- glob@7.1.1
41 silly idealTree | +-- minimatch@3.0.3
41 silly idealTree | `-- object-assign@4.1.0
41 silly idealTree +-- globule@0.1.0
41 silly idealTree | +-- glob@3.1.21
41 silly idealTree | +-- graceful-fs@1.2.3
41 silly idealTree | +-- inherits@1.0.2
41 silly idealTree | +-- lodash@1.0.2
41 silly idealTree | `-- minimatch@0.2.14
41 silly idealTree +-- glogg@1.0.0
41 silly idealTree +-- graceful-fs@4.1.9
41 silly idealTree +-- graceful-readlink@1.0.1
41 silly idealTree +-- growly@1.3.0
41 silly idealTree +-- gulp-autoprefixer@3.1.1
41 silly idealTree +-- gulp-batch@1.0.5
41 silly idealTree +-- gulp-concat@2.6.0
41 silly idealTree | +-- readable-stream@1.0.34
41 silly idealTree | `-- through2@0.6.5
41 silly idealTree +-- gulp-if@2.0.1
41 silly idealTree +-- gulp-less@3.1.0
41 silly idealTree | `-- object-assign@4.1.0
41 silly idealTree +-- gulp-load-plugins@1.3.0
41 silly idealTree +-- gulp-match@1.0.2
41 silly idealTree | `-- minimatch@3.0.3
41 silly idealTree +-- gulp-notify@2.2.0
41 silly idealTree | +-- readable-stream@1.0.34
41 silly idealTree | `-- through2@0.6.5
41 silly idealTree +-- gulp-rename@1.2.2
41 silly idealTree +-- gulp-rev-replace@0.4.3
41 silly idealTree +-- gulp-rev@7.1.2
41 silly idealTree | `-- object-assign@4.1.0
41 silly idealTree +-- gulp-sass@2.3.2
41 silly idealTree | `-- lodash.clonedeep@4.5.0
41 silly idealTree +-- gulp-shell@0.5.2
41 silly idealTree | `-- async@1.5.2
41 silly idealTree +-- gulp-sourcemaps@1.6.0
41 silly idealTree | `-- vinyl@1.2.0
41 silly idealTree +-- gulp-uglify@1.5.4
41 silly idealTree | +-- source-map@0.5.6
41 silly idealTree | `-- uglify-js@2.6.4
41 silly idealTree +-- gulp-util@3.0.7
41 silly idealTree +-- gulp@3.9.1
41 silly idealTree +-- gulplog@1.0.0
41 silly idealTree +-- har-validator@2.0.6
41 silly idealTree | `-- commander@2.9.0
41 silly idealTree +-- has-ansi@2.0.0
41 silly idealTree +-- has-color@0.1.7
41 silly idealTree +-- has-flag@1.0.0
41 silly idealTree +-- has-gulplog@0.1.0
41 silly idealTree +-- has-unicode@2.0.1
41 silly idealTree +-- has@1.0.1
41 silly idealTree +-- hash-sum@1.0.2
41 silly idealTree +-- hash.js@1.0.3
41 silly idealTree +-- hawk@3.1.3
41 silly idealTree +-- he@1.1.0
41 silly idealTree +-- header-case@1.0.0
41 silly idealTree +-- hoek@2.16.3
41 silly idealTree +-- home-or-tmp@1.0.0
41 silly idealTree +-- hosted-git-info@2.1.5
41 silly idealTree +-- html-comment-regex@1.1.1
41 silly idealTree +-- html-minifier@2.1.7
41 silly idealTree | +-- commander@2.9.0
41 silly idealTree | +-- source-map@0.5.6
41 silly idealTree | `-- uglify-js@2.6.4
41 silly idealTree +-- http-browserify@1.7.0
41 silly idealTree +-- http-signature@1.1.1
41 silly idealTree +-- https-browserify@0.0.1
41 silly idealTree +-- iconv-lite@0.4.13
41 silly idealTree +-- icss-replace-symbols@1.0.2
41 silly idealTree +-- ieee754@1.1.8
41 silly idealTree +-- image-size@0.5.0
41 silly idealTree +-- in-publish@2.0.0
41 silly idealTree +-- indent-string@2.1.0
41 silly idealTree +-- indexes-of@1.0.1
41 silly idealTree +-- indexof@0.0.1
41 silly idealTree +-- indx@0.2.3
41 silly idealTree +-- inflight@1.0.5
41 silly idealTree +-- inherits@2.0.3
41 silly idealTree +-- ini@1.3.4
41 silly idealTree +-- interpret@1.0.1
41 silly idealTree +-- invariant@2.2.1
41 silly idealTree +-- invert-kv@1.0.0
41 silly idealTree +-- is-absolute-url@2.0.0
41 silly idealTree +-- is-absolute@0.2.5
41 silly idealTree | `-- is-windows@0.1.1
41 silly idealTree +-- is-arrayish@0.2.1
41 silly idealTree +-- is-binary-path@1.0.1
41 silly idealTree +-- is-buffer@1.1.4
41 silly idealTree +-- is-builtin-module@1.0.0
41 silly idealTree +-- is-dotfile@1.0.2
41 silly idealTree +-- is-equal-shallow@0.1.3
41 silly idealTree +-- is-extendable@0.1.1
41 silly idealTree +-- is-extglob@1.0.0
41 silly idealTree +-- is-finite@1.0.2
41 silly idealTree +-- is-fullwidth-code-point@1.0.0
41 silly idealTree +-- is-glob@2.0.1
41 silly idealTree +-- is-lower-case@1.1.3
41 silly idealTree +-- is-my-json-valid@2.15.0
41 silly idealTree +-- is-number@2.1.0
41 silly idealTree +-- is-path-cwd@1.0.0
41 silly idealTree +-- is-path-in-cwd@1.0.0
41 silly idealTree +-- is-path-inside@1.0.0
41 silly idealTree +-- is-plain-obj@1.1.0
41 silly idealTree +-- is-posix-bracket@0.1.1
41 silly idealTree +-- is-primitive@2.0.0
41 silly idealTree +-- is-property@1.0.2
41 silly idealTree +-- is-relative@0.2.1
41 silly idealTree +-- is-svg@2.0.1
41 silly idealTree +-- is-typedarray@1.0.0
41 silly idealTree +-- is-unc-path@0.1.1
41 silly idealTree +-- is-upper-case@1.1.2
41 silly idealTree +-- is-utf8@0.2.1
41 silly idealTree +-- is-windows@0.2.0
41 silly idealTree +-- is@3.1.0
41 silly idealTree +-- isarray@0.0.1
41 silly idealTree +-- isexe@1.1.2
41 silly idealTree +-- isobject@2.1.0
41 silly idealTree | `-- isarray@1.0.0
41 silly idealTree +-- isstream@0.1.2
41 silly idealTree +-- jodid25519@1.0.2
41 silly idealTree +-- jquery@3.1.1
41 silly idealTree +-- js-base64@2.1.9
41 silly idealTree +-- js-beautify@1.6.4
41 silly idealTree +-- js-tokens@2.0.0
41 silly idealTree +-- js-yaml@3.6.1
41 silly idealTree +-- jsbn@0.1.0
41 silly idealTree +-- jsesc@1.3.0
41 silly idealTree +-- json-schema@0.2.3
41 silly idealTree +-- json-stringify-safe@5.0.1
41 silly idealTree +-- json5@0.4.0
41 silly idealTree +-- jsonpointer@4.0.0
41 silly idealTree +-- jsprim@1.3.1
41 silly idealTree +-- jstransform@11.0.3
41 silly idealTree | +-- esprima-fb@15001.1.0-dev-harmony-fb
41 silly idealTree | `-- object-assign@2.1.1
41 silly idealTree +-- kind-of@3.0.4
41 silly idealTree +-- laravel-elixir-vue-2@0.2.0
41 silly idealTree | +-- lru-cache@4.0.1
41 silly idealTree | +-- object-assign@4.1.0
41 silly idealTree | +-- source-map@0.5.6
41 silly idealTree | +-- vue-hot-reload-api@2.0.6
41 silly idealTree | `-- vue-loader@9.5.1
41 silly idealTree +-- laravel-elixir-vue@0.1.8
41 silly idealTree | `-- vue@1.0.28
41 silly idealTree +-- laravel-elixir-webpack-official@1.0.8
41 silly idealTree +-- laravel-elixir@6.0.0-11
41 silly idealTree | +-- glob@7.1.1
41 silly idealTree | `-- minimatch@3.0.3
41 silly idealTree +-- lazy-cache@1.0.4
41 silly idealTree +-- lcid@1.0.0
41 silly idealTree +-- less@2.7.1
41 silly idealTree | `-- source-map@0.5.6
41 silly idealTree +-- liftoff@2.3.0
41 silly idealTree +-- load-json-file@1.1.0
41 silly idealTree +-- loader-runner@2.2.0
41 silly idealTree +-- loader-utils@0.2.16
41 silly idealTree | +-- json5@0.5.0
41 silly idealTree | `-- object-assign@4.1.0
41 silly idealTree +-- lodash._arraycopy@3.0.0
41 silly idealTree +-- lodash._arrayeach@3.0.0
41 silly idealTree +-- lodash._baseassign@3.2.0
41 silly idealTree +-- lodash._baseclone@3.3.0
41 silly idealTree +-- lodash._basecopy@3.0.1
41 silly idealTree +-- lodash._basefor@3.0.3
41 silly idealTree +-- lodash._basetostring@3.0.1
41 silly idealTree +-- lodash._basevalues@3.0.0
41 silly idealTree +-- lodash._bindcallback@3.0.1
41 silly idealTree +-- lodash._createcompounder@3.0.0
41 silly idealTree +-- lodash._getnative@3.9.1
41 silly idealTree +-- lodash._isiterateecall@3.0.9
41 silly idealTree +-- lodash._reescape@3.0.0
41 silly idealTree +-- lodash._reevaluate@3.0.0
41 silly idealTree +-- lodash._reinterpolate@3.0.0
41 silly idealTree +-- lodash._root@3.0.1
41 silly idealTree +-- lodash.assign@4.2.0
41 silly idealTree +-- lodash.assignwith@4.2.0
41 silly idealTree +-- lodash.camelcase@3.0.1
41 silly idealTree +-- lodash.clone@4.5.0
41 silly idealTree +-- lodash.clonedeep@3.0.2
41 silly idealTree +-- lodash.deburr@3.2.0
41 silly idealTree +-- lodash.escape@3.2.0
41 silly idealTree +-- lodash.indexof@4.0.5
41 silly idealTree +-- lodash.isarguments@3.1.0
41 silly idealTree +-- lodash.isarray@3.0.4
41 silly idealTree +-- lodash.isempty@4.4.0
41 silly idealTree +-- lodash.isplainobject@4.0.6
41 silly idealTree +-- lodash.isstring@4.0.1
41 silly idealTree +-- lodash.keys@3.1.2
41 silly idealTree +-- lodash.mapvalues@4.6.0
41 silly idealTree +-- lodash.pick@4.4.0
41 silly idealTree +-- lodash.restparam@3.6.1
41 silly idealTree +-- lodash.some@4.6.0
41 silly idealTree +-- lodash.template@3.6.2
41 silly idealTree +-- lodash.templatesettings@3.1.1
41 silly idealTree +-- lodash.words@3.2.0
41 silly idealTree +-- lodash@4.16.4
41 silly idealTree +-- longest@1.0.1
41 silly idealTree +-- loose-envify@1.2.0
41 silly idealTree | `-- js-tokens@1.0.3
41 silly idealTree +-- loud-rejection@1.6.0
41 silly idealTree +-- lower-case-first@1.0.2
41 silly idealTree +-- lower-case@1.1.3
41 silly idealTree +-- lru-cache@2.7.3
41 silly idealTree +-- macaddress@0.2.8
41 silly idealTree +-- magic-string@0.14.0
41 silly idealTree +-- map-cache@0.2.2
41 silly idealTree +-- map-obj@1.0.1
41 silly idealTree +-- marked-terminal@1.6.2
41 silly idealTree +-- marked@0.3.6
41 silly idealTree +-- math-expression-evaluator@1.2.14
41 silly idealTree +-- memory-fs@0.3.0
41 silly idealTree | +-- isarray@1.0.0
41 silly idealTree | `-- readable-stream@2.1.5
41 silly idealTree +-- meow@3.7.0
41 silly idealTree | `-- object-assign@4.1.0
41 silly idealTree +-- merge-stream@1.0.0
41 silly idealTree | +-- isarray@1.0.0
41 silly idealTree | `-- readable-stream@2.1.5
41 silly idealTree +-- micromatch@2.3.11
41 silly idealTree +-- miller-rabin@4.0.0
41 silly idealTree +-- mime-db@1.24.0
41 silly idealTree +-- mime-types@2.1.12
41 silly idealTree +-- mime@1.3.4
41 silly idealTree +-- minimalistic-assert@1.0.0
41 silly idealTree +-- minimatch@2.0.10
41 silly idealTree +-- minimist@1.2.0
41 silly idealTree +-- mkdirp@0.5.1
41 silly idealTree | `-- minimist@0.0.8
41 silly idealTree +-- modify-filename@1.1.0
41 silly idealTree +-- ms@0.7.1
41 silly idealTree +-- multipipe@0.1.2
41 silly idealTree +-- nan@2.4.0
41 silly idealTree +-- natives@1.1.0
41 silly idealTree +-- ncname@1.0.0
41 silly idealTree +-- new-from@0.0.3
41 silly idealTree +-- next-tick@1.0.0
41 silly idealTree +-- no-case@2.3.0
41 silly idealTree +-- node-emoji@1.4.1
41 silly idealTree +-- node-gyp@3.4.0
41 silly idealTree | +-- glob@7.1.1
41 silly idealTree | +-- minimatch@3.0.3
41 silly idealTree | `-- npmlog@3.1.2
41 silly idealTree +-- node-libs-browser@1.0.0
41 silly idealTree | +-- isarray@1.0.0
41 silly idealTree | `-- readable-stream@2.1.5
41 silly idealTree +-- node-notifier@4.6.1
41 silly idealTree | `-- semver@5.3.0
41 silly idealTree +-- node-sass@3.10.1
41 silly idealTree | +-- gaze@1.1.2
41 silly idealTree | +-- glob@7.1.1
41 silly idealTree | +-- globule@1.0.0
41 silly idealTree | | `-- glob@7.0.6
41 silly idealTree | +-- lodash.clonedeep@4.5.0
41 silly idealTree | +-- lodash@4.9.0
41 silly idealTree | `-- minimatch@3.0.3
41 silly idealTree +-- node-uuid@1.4.7
41 silly idealTree +-- node.extend@1.1.6
41 silly idealTree +-- nopt@3.0.6
41 silly idealTree +-- normalize-package-data@2.3.5
41 silly idealTree +-- normalize-path@2.0.1
41 silly idealTree +-- normalize-range@0.1.2
41 silly idealTree +-- normalize-url@1.6.1
41 silly idealTree | `-- object-assign@4.1.0
41 silly idealTree +-- npmlog@4.0.0
41 silly idealTree +-- num2fraction@1.2.2
41 silly idealTree +-- number-is-nan@1.0.1
41 silly idealTree +-- oauth-sign@0.8.2
41 silly idealTree +-- object-assign@3.0.0
41 silly idealTree +-- object-keys@0.4.0
41 silly idealTree +-- object.omit@2.0.0
41 silly idealTree +-- once@1.3.3
41 silly idealTree +-- optimist@0.6.1
41 silly idealTree | `-- minimist@0.0.10
41 silly idealTree +-- orchestrator@0.3.7
41 silly idealTree +-- ordered-read-streams@0.1.0
41 silly idealTree +-- os-browserify@0.2.1
41 silly idealTree +-- os-homedir@1.0.2
41 silly idealTree +-- os-locale@1.4.0
41 silly idealTree +-- os-tmpdir@1.0.2
41 silly idealTree +-- osenv@0.1.3
41 silly idealTree +-- pako@0.2.9
41 silly idealTree +-- param-case@2.1.0
41 silly idealTree +-- parse-asn1@5.0.0
41 silly idealTree +-- parse-filepath@1.0.1
41 silly idealTree +-- parse-glob@3.0.4
41 silly idealTree +-- parse-json@2.2.0
41 silly idealTree +-- parse5@2.2.2
41 silly idealTree +-- pascal-case@2.0.0
41 silly idealTree +-- path-array@1.0.1
41 silly idealTree +-- path-browserify@0.0.0
41 silly idealTree +-- path-case@2.1.0
41 silly idealTree +-- path-exists@2.1.0
41 silly idealTree +-- path-is-absolute@1.0.1
41 silly idealTree +-- path-is-inside@1.0.2
41 silly idealTree +-- path-root-regex@0.1.2
41 silly idealTree +-- path-root@0.1.1
41 silly idealTree +-- path-type@1.1.0
41 silly idealTree +-- path@0.12.7
41 silly idealTree +-- pbkdf2-compat@2.0.1
41 silly idealTree +-- pbkdf2@3.0.9
41 silly idealTree +-- pify@2.3.0
41 silly idealTree +-- pinkie-promise@2.0.1
41 silly idealTree +-- pinkie@2.0.4
41 silly idealTree +-- postcss-calc@5.3.1
41 silly idealTree +-- postcss-colormin@2.2.1
41 silly idealTree +-- postcss-convert-values@2.4.1
41 silly idealTree +-- postcss-discard-comments@2.0.4
41 silly idealTree +-- postcss-discard-duplicates@2.0.1
41 silly idealTree +-- postcss-discard-empty@2.1.0
41 silly idealTree +-- postcss-discard-overridden@0.1.1
41 silly idealTree +-- postcss-discard-unused@2.2.1
41 silly idealTree +-- postcss-filter-plugins@2.0.2
41 silly idealTree +-- postcss-merge-idents@2.1.7
41 silly idealTree +-- postcss-merge-longhand@2.0.1
41 silly idealTree +-- postcss-merge-rules@2.0.10
41 silly idealTree +-- postcss-message-helpers@2.0.0
41 silly idealTree +-- postcss-minify-font-values@1.0.5
41 silly idealTree | `-- object-assign@4.1.0
41 silly idealTree +-- postcss-minify-gradients@1.0.3
41 silly idealTree +-- postcss-minify-params@1.0.5
41 silly idealTree +-- postcss-minify-selectors@2.0.5
41 silly idealTree +-- postcss-modules-extract-imports@1.0.1
41 silly idealTree +-- postcss-modules-local-by-default@1.1.1
41 silly idealTree | +-- css-selector-tokenizer@0.6.0
41 silly idealTree | `-- regexpu-core@1.0.0
41 silly idealTree +-- postcss-modules-scope@1.0.2
41 silly idealTree | +-- css-selector-tokenizer@0.6.0
41 silly idealTree | `-- regexpu-core@1.0.0
41 silly idealTree +-- postcss-modules-values@1.2.2
41 silly idealTree +-- postcss-normalize-charset@1.1.0
41 silly idealTree +-- postcss-normalize-url@3.0.7
41 silly idealTree +-- postcss-ordered-values@2.2.2
41 silly idealTree +-- postcss-reduce-idents@2.3.0
41 silly idealTree +-- postcss-reduce-initial@1.0.0
41 silly idealTree +-- postcss-reduce-transforms@1.0.3
41 silly idealTree +-- postcss-selector-parser@2.2.1
41 silly idealTree +-- postcss-svgo@2.1.5
41 silly idealTree +-- postcss-unique-selectors@2.0.2
41 silly idealTree +-- postcss-value-parser@3.3.0
41 silly idealTree +-- postcss-zindex@2.1.1
41 silly idealTree +-- postcss@5.2.4
41 silly idealTree | +-- source-map@0.5.6
41 silly idealTree | `-- supports-color@3.1.2
41 silly idealTree +-- prepend-http@1.0.4
41 silly idealTree +-- preserve@0.2.0
41 silly idealTree +-- pretty-hrtime@1.0.2
41 silly idealTree +-- private@0.1.6
41 silly idealTree +-- process-nextick-args@1.0.7
41 silly idealTree +-- process@0.11.9
41 silly idealTree +-- promise@7.1.1
41 silly idealTree +-- proto-list@1.2.4
41 silly idealTree +-- prr@0.0.0
41 silly idealTree +-- pseudomap@1.0.2
41 silly idealTree +-- public-encrypt@4.0.0
41 silly idealTree +-- punycode@1.4.1
41 silly idealTree +-- q@1.4.1
41 silly idealTree +-- qs@6.2.1
41 silly idealTree +-- query-string@4.2.3
41 silly idealTree | `-- object-assign@4.1.0
41 silly idealTree +-- querystring-es3@0.2.1
41 silly idealTree +-- querystring@0.2.0
41 silly idealTree +-- randomatic@1.1.5
41 silly idealTree +-- randombytes@2.0.3
41 silly idealTree +-- read-pkg-up@1.0.1
41 silly idealTree +-- read-pkg@1.1.0
41 silly idealTree +-- readable-stream@1.1.14
41 silly idealTree +-- readdirp@2.1.0
41 silly idealTree | +-- isarray@1.0.0
41 silly idealTree | +-- minimatch@3.0.3
41 silly idealTree | `-- readable-stream@2.1.5
41 silly idealTree +-- recast@0.10.43
41 silly idealTree | +-- esprima-fb@15001.1001.0-dev-harmony-fb
41 silly idealTree | `-- source-map@0.5.6
41 silly idealTree +-- rechoir@0.6.2
41 silly idealTree +-- redent@1.0.0
41 silly idealTree +-- redeyed@1.0.0
41 silly idealTree +-- reduce-css-calc@1.3.0
41 silly idealTree +-- reduce-function-call@1.0.1
41 silly idealTree | `-- balanced-match@0.1.0
41 silly idealTree +-- regenerate@1.3.1
41 silly idealTree +-- regenerator-runtime@0.9.5
41 silly idealTree +-- regex-cache@0.4.3
41 silly idealTree +-- regexpu-core@2.0.0
41 silly idealTree +-- regjsgen@0.2.0
41 silly idealTree +-- regjsparser@0.1.5
41 silly idealTree | `-- jsesc@0.5.0
41 silly idealTree +-- relateurl@0.2.7
41 silly idealTree +-- repeat-element@1.1.2
41 silly idealTree +-- repeat-string@1.5.4
41 silly idealTree +-- repeating@2.0.1
41 silly idealTree +-- replace-ext@0.0.1
41 silly idealTree +-- request@2.75.0
41 silly idealTree +-- require-dir@0.3.1
41 silly idealTree +-- require-directory@2.1.1
41 silly idealTree +-- require-main-filename@1.0.1
41 silly idealTree +-- resolve-dir@0.1.1
41 silly idealTree +-- resolve@1.1.7
41 silly idealTree +-- rev-hash@1.0.0
41 silly idealTree +-- rev-path@1.0.0
41 silly idealTree +-- right-align@0.1.3
41 silly idealTree +-- rimraf@2.5.4
41 silly idealTree | +-- glob@7.1.1
41 silly idealTree | `-- minimatch@3.0.3
41 silly idealTree +-- ripemd160@1.0.1
41 silly idealTree +-- run-sequence@1.2.2
41 silly idealTree +-- sass-graph@2.1.2
41 silly idealTree | +-- cliui@3.2.0
41 silly idealTree | +-- glob@7.1.1
41 silly idealTree | +-- minimatch@3.0.3
41 silly idealTree | +-- window-size@0.2.0
41 silly idealTree | `-- yargs@4.8.1
41 silly idealTree +-- sass-loader@4.0.2
41 silly idealTree | +-- async@2.0.1
41 silly idealTree | `-- object-assign@4.1.0
41 silly idealTree +-- sax@1.2.1
41 silly idealTree +-- semver@4.3.6
41 silly idealTree +-- sentence-case@2.1.0
41 silly idealTree +-- sequencify@0.0.7
41 silly idealTree +-- set-blocking@2.0.0
41 silly idealTree +-- set-immediate-shim@1.0.1
41 silly idealTree +-- sha.js@2.4.5
41 silly idealTree +-- shebang-regex@1.0.0
41 silly idealTree +-- shellwords@0.1.0
41 silly idealTree +-- sigmund@1.0.1
41 silly idealTree +-- signal-exit@3.0.1
41 silly idealTree +-- slash@1.0.0
41 silly idealTree +-- snake-case@2.1.0
41 silly idealTree +-- sntp@1.0.9
41 silly idealTree +-- sort-keys@1.1.2
41 silly idealTree +-- source-list-map@0.1.6
41 silly idealTree +-- source-map-support@0.4.3
41 silly idealTree | `-- source-map@0.5.6
41 silly idealTree +-- source-map@0.4.4
41 silly idealTree +-- sparkles@1.0.0
41 silly idealTree +-- spdx-correct@1.0.2
41 silly idealTree +-- spdx-expression-parse@1.0.4
41 silly idealTree +-- spdx-license-ids@1.2.2
41 silly idealTree +-- sprintf-js@1.0.3
41 silly idealTree +-- sshpk@1.10.1
41 silly idealTree | `-- assert-plus@1.0.0
41 silly idealTree +-- stream-array@1.1.2
41 silly idealTree | +-- isarray@1.0.0
41 silly idealTree | `-- readable-stream@2.1.5
41 silly idealTree +-- stream-browserify@2.0.1
41 silly idealTree | +-- isarray@1.0.0
41 silly idealTree | `-- readable-stream@2.1.5
41 silly idealTree +-- stream-consume@0.1.0
41 silly idealTree +-- stream-exhaust@1.0.1
41 silly idealTree +-- stream-shift@1.0.0
41 silly idealTree +-- strict-uri-encode@1.1.0
41 silly idealTree +-- string_decoder@0.10.31
41 silly idealTree +-- string-width@1.0.2
41 silly idealTree +-- string.prototype.codepointat@0.2.0
41 silly idealTree +-- stringstream@0.0.5
41 silly idealTree +-- strip-ansi@3.0.1
41 silly idealTree +-- strip-bom-stream@1.0.0
41 silly idealTree +-- strip-bom@2.0.0
41 silly idealTree +-- strip-indent@1.0.1
41 silly idealTree +-- supports-color@2.0.0
41 silly idealTree +-- svgo@0.7.1
41 silly idealTree | `-- colors@1.1.2
41 silly idealTree +-- swap-case@1.1.2
41 silly idealTree +-- sweetalert@1.1.3
41 silly idealTree +-- tapable@0.2.4
41 silly idealTree +-- tar@2.2.1
41 silly idealTree +-- ternary-stream@2.0.0
41 silly idealTree +-- through@2.3.8
41 silly idealTree +-- through2@2.0.1
41 silly idealTree | +-- isarray@1.0.0
41 silly idealTree | `-- readable-stream@2.0.6
41 silly idealTree +-- tildify@1.2.0
41 silly idealTree +-- time-stamp@1.0.1
41 silly idealTree +-- timers-browserify@1.4.2
41 silly idealTree +-- title-case@2.1.0
41 silly idealTree +-- to-fast-properties@1.0.2
41 silly idealTree +-- toastr@2.1.2
41 silly idealTree +-- tough-cookie@2.3.1
41 silly idealTree +-- trim-newlines@1.0.0
41 silly idealTree +-- tty-browserify@0.0.0
41 silly idealTree +-- tunnel-agent@0.4.3
41 silly idealTree +-- tweetnacl@0.14.3
41 silly idealTree +-- uglify-js@2.7.3
41 silly idealTree | `-- source-map@0.5.6
41 silly idealTree +-- uglify-save-license@0.4.1
41 silly idealTree +-- uglify-to-browserify@1.0.2
41 silly idealTree +-- unc-path-regex@0.1.2
41 silly idealTree +-- underscore@1.8.3
41 silly idealTree +-- uniq@1.0.1
41 silly idealTree +-- uniqid@4.1.0
41 silly idealTree +-- uniqs@2.0.0
41 silly idealTree +-- unique-stream@1.0.0
41 silly idealTree +-- upper-case-first@1.1.2
41 silly idealTree +-- upper-case@1.1.3
41 silly idealTree +-- url-loader@0.5.7
41 silly idealTree | `-- mime@1.2.11
41 silly idealTree +-- url@0.11.0
41 silly idealTree | `-- punycode@1.3.2
41 silly idealTree +-- user-home@1.1.1
41 silly idealTree +-- util-deprecate@1.0.2
41 silly idealTree +-- util@0.10.3
41 silly idealTree | `-- inherits@2.0.1
41 silly idealTree +-- v8flags@2.0.11
41 silly idealTree +-- validate-npm-package-license@3.0.1
41 silly idealTree +-- vendors@1.0.1
41 silly idealTree +-- verror@1.3.6
41 silly idealTree +-- vinyl-file@1.3.0
41 silly idealTree | `-- vinyl@1.2.0
41 silly idealTree +-- vinyl-fs@0.3.14
41 silly idealTree | +-- clone@0.2.0
41 silly idealTree | +-- graceful-fs@3.0.11
41 silly idealTree | +-- readable-stream@1.0.34
41 silly idealTree | +-- strip-bom@1.0.0
41 silly idealTree | +-- through2@0.6.5
41 silly idealTree | `-- vinyl@0.4.6
41 silly idealTree +-- vinyl-map@1.0.1
41 silly idealTree | +-- bl@0.7.0
41 silly idealTree | +-- readable-stream@1.0.34
41 silly idealTree | +-- through2@0.4.2
41 silly idealTree | `-- xtend@2.1.2
41 silly idealTree +-- vinyl-sourcemaps-apply@0.2.1
41 silly idealTree | `-- source-map@0.5.6
41 silly idealTree +-- vinyl@0.5.3
41 silly idealTree +-- vlq@0.2.1
41 silly idealTree +-- vm-browserify@0.0.4
41 silly idealTree +-- vue-hot-reload-api@1.3.3
41 silly idealTree +-- vue-html-loader@1.2.3
41 silly idealTree | `-- object-assign@4.1.0
41 silly idealTree +-- vue-loader@8.5.4
41 silly idealTree | +-- object-assign@4.1.0
41 silly idealTree | +-- postcss-selector-parser@1.3.3
41 silly idealTree | `-- source-map@0.5.6
41 silly idealTree +-- vue-resource@1.0.3
41 silly idealTree +-- vue-router@2.0.0
41 silly idealTree +-- vue-style-loader@1.0.0
41 silly idealTree +-- vue-template-compiler@2.0.1
41 silly idealTree +-- vue-template-es2015-compiler@1.0.0
41 silly idealTree +-- vue-template-validator@1.1.5
41 silly idealTree +-- vue@2.0.1
41 silly idealTree +-- vuex@2.0.0
41 silly idealTree +-- watchpack@1.1.0
41 silly idealTree | `-- async@2.0.0-rc.4
41 silly idealTree +-- webpack-core@0.6.8
41 silly idealTree +-- webpack-sources@0.1.2
41 silly idealTree | `-- source-map@0.5.6
41 silly idealTree +-- webpack-stream@3.2.0
41 silly idealTree | +-- acorn@3.3.0
41 silly idealTree | +-- async@1.5.2
41 silly idealTree | +-- constants-browserify@0.0.1
41 silly idealTree | +-- crypto-browserify@3.2.8
41 silly idealTree | +-- enhanced-resolve@0.9.1
41 silly idealTree | | `-- memory-fs@0.2.0
41 silly idealTree | +-- https-browserify@0.0.0
41 silly idealTree | +-- interpret@0.6.6
41 silly idealTree | +-- node-libs-browser@0.6.0
41 silly idealTree | +-- os-browserify@0.1.2
41 silly idealTree | +-- ripemd160@0.2.0
41 silly idealTree | +-- sha.js@2.2.6
41 silly idealTree | +-- source-map@0.5.6
41 silly idealTree | +-- stream-browserify@1.0.0
41 silly idealTree | +-- supports-color@3.1.2
41 silly idealTree | +-- tapable@0.1.10
41 silly idealTree | +-- uglify-js@2.6.4
41 silly idealTree | | `-- async@0.2.10
41 silly idealTree | +-- url@0.10.3
41 silly idealTree | | `-- punycode@1.3.2
41 silly idealTree | +-- vinyl@1.2.0
41 silly idealTree | +-- watchpack@0.2.9
41 silly idealTree | | `-- async@0.9.2
41 silly idealTree | `-- webpack@1.13.2
41 silly idealTree +-- webpack@2.1.0-beta.22
41 silly idealTree | +-- acorn@3.3.0
41 silly idealTree | +-- async@1.5.2
41 silly idealTree | +-- camelcase@1.2.1
41 silly idealTree | +-- object-assign@4.1.0
41 silly idealTree | +-- source-map@0.5.6
41 silly idealTree | +-- supports-color@3.1.2
41 silly idealTree | +-- uglify-js@2.6.4
41 silly idealTree | | +-- async@0.2.10
41 silly idealTree | | `-- yargs@3.10.0
41 silly idealTree | `-- yargs@4.8.1
41 silly idealTree |   +-- cliui@3.2.0
41 silly idealTree |   `-- window-size@0.2.0
41 silly idealTree +-- when@3.7.7
41 silly idealTree +-- whet.extend@0.9.9
41 silly idealTree +-- which-module@1.0.0
41 silly idealTree +-- which@1.2.11
41 silly idealTree +-- wide-align@1.1.0
41 silly idealTree +-- window-size@0.1.0
41 silly idealTree +-- wordwrap@0.0.2
41 silly idealTree +-- wrap-ansi@2.0.0
41 silly idealTree +-- wrappy@1.0.2
41 silly idealTree +-- xml-char-classes@1.0.0
41 silly idealTree +-- xtend@4.0.1
41 silly idealTree +-- y18n@3.2.1
41 silly idealTree +-- yallist@2.0.0
41 silly idealTree +-- yargs-parser@2.4.1
41 silly idealTree | `-- camelcase@3.0.0
41 silly idealTree `-- yargs@3.10.0
41 silly idealTree   `-- camelcase@1.2.1
42 silly generateActionsToTake Starting
43 silly install generateActionsToTake
44 silly generateActionsToTake Finishing
45 silly diffTrees action count 0
46 silly decomposeActions action count 0
47 silly executeActions Starting
48 silly install executeActions
49 silly doSerial global-install 0
50 silly doParallel fetch 0
51 verbose correctMkdir C:\Users\eroyj\AppData\Roaming\npm-cache\_locks correctMkdir not in flight; initializing
52 verbose lock using C:\Users\eroyj\AppData\Roaming\npm-cache\_locks\staging-b8ca329c325d08d1.lock for E:\Projects\UM\UM-QMO\node_modules\.staging
53 silly doParallel extract 0
54 silly doParallel preinstall 0
55 silly doReverseSerial remove 0
56 silly doSerial move 0
57 silly doSerial finalize 0
58 silly doSerial build 0
59 silly doSerial global-link 0
60 silly doParallel update-linked 0
61 silly doSerial install 0
62 silly doSerial postinstall 0
63 verbose unlock done using C:\Users\eroyj\AppData\Roaming\npm-cache\_locks\staging-b8ca329c325d08d1.lock for E:\Projects\UM\UM-QMO\node_modules\.staging
64 silly executeActions Finishing
65 silly rollbackFailedOptional Starting
66 silly rollbackFailedOptional Finishing
67 silly runTopLevelLifecycles Starting
68 silly install runTopLevelLifecycles
69 silly preinstall UM-QMO E:\Projects\UM\UM-QMO\UM-QMO-65fae828
70 info lifecycle undefined~preinstall: undefined
71 silly lifecycle undefined~preinstall: no script for preinstall, continuing
72 silly build UM-QMO
73 info linkStuff !invalid#1
74 silly linkStuff !invalid#1 has E:\Projects\UM as its parent node_modules
75 verbose linkBins !invalid#1
76 verbose linkMans !invalid#1
77 silly install UM-QMO E:\Projects\UM\UM-QMO\UM-QMO-65fae828
78 info lifecycle undefined~install: undefined
79 silly lifecycle undefined~install: no script for install, continuing
80 silly postinstall UM-QMO E:\Projects\UM\UM-QMO\UM-QMO-65fae828
81 info lifecycle undefined~postinstall: undefined
82 verbose lifecycle undefined~postinstall: unsafe-perm in lifecycle true
83 verbose lifecycle undefined~postinstall: PATH: C:\Users\eroyj\AppData\Roaming\npm\node_modules\npm\bin\node-gyp-bin;E:\Projects\UM\UM-QMO\node_modules\.bin;C:\Program Files\nodejs;C:\Users\eroyj\bin;C:\Program Files\Git\mingw64\bin;C:\Program Files\Git\usr\local\bin;C:\Program Files\Git\usr\bin;C:\Program Files\Git\usr\bin;C:\Program Files\Git\mingw64\bin;C:\Program Files\Git\usr\bin;C:\Users\eroyj\bin;C:\WINDOWS\system32;C:\WINDOWS;C:\WINDOWS\System32\Wbem;C:\WINDOWS\System32\WindowsPowerShell\v1.0;C:\Program Files\nodejs;C:\ProgramData\ComposerSetup\bin;C:\Users\eroyj\AppData\Roaming\Composer\vendor\bin;C:\xampp\php;C:\Program Files\Git\cmd;C:\Users\eroyj\AppData\Roaming\npm;C:\Program Files (x86)\Microsoft VS Code\bin;C:\Users\eroyj\.babun;C:\Program Files\Git\usr\bin\vendor_perl;C:\Program Files\Git\usr\bin\core_perl
84 verbose lifecycle undefined~postinstall: CWD: E:\Projects\UM\UM-QMO
85 silly lifecycle undefined~postinstall: Args: [ '/d /s /c', 'gulp --production' ]
86 silly lifecycle undefined~postinstall: Returned: code: 1  signal: null
87 info lifecycle undefined~postinstall: Failed to exec postinstall script
88 warn optional Skipping failed optional dependency /chokidar/fsevents:
89 warn notsup Not compatible with your operating system or architecture: fsevents@1.0.14
90 verbose stack Error: undefined postinstall: `gulp --production`
90 verbose stack Exit status 1
90 verbose stack     at EventEmitter.<anonymous> (C:\Users\eroyj\AppData\Roaming\npm\node_modules\npm\lib\utils\lifecycle.js:242:16)
90 verbose stack     at emitTwo (events.js:106:13)
90 verbose stack     at EventEmitter.emit (events.js:191:7)
90 verbose stack     at ChildProcess.<anonymous> (C:\Users\eroyj\AppData\Roaming\npm\node_modules\npm\lib\utils\spawn.js:40:14)
90 verbose stack     at emitTwo (events.js:106:13)
90 verbose stack     at ChildProcess.emit (events.js:191:7)
90 verbose stack     at maybeClose (internal/child_process.js:852:16)
90 verbose stack     at Process.ChildProcess._handle.onexit (internal/child_process.js:215:5)
91 verbose cwd E:\Projects\UM\UM-QMO
92 error Windows_NT 10.0.10586
93 error argv "C:\\Program Files\\nodejs\\node.exe" "C:\\Users\\eroyj\\AppData\\Roaming\\npm\\node_modules\\npm\\bin\\npm-cli.js" "install"
94 error node v6.2.2
95 error npm  v3.10.5
96 error code ELIFECYCLE
97 error undefined postinstall: `gulp --production`
97 error Exit status 1
98 error Failed at the undefined postinstall script 'gulp --production'.
98 error Make sure you have the latest version of node.js and npm installed.
98 error If you do, this is most likely a problem with the  package,
98 error not with npm itself.
98 error Tell the author that this fails on your system:
98 error     gulp --production
98 error You can get information on how to open an issue for this project with:
98 error     npm bugs
98 error Or if that isn't available, you can get their info via:
98 error     npm owner ls
98 error There is likely additional logging output above.
99 verbose exit [ 1, true ]
